246.548 43.9286   316.402 19.9795   105.992 97.5247 8028.14   101.807 91.8521   1.35249 -0.535352 0.147455
245.916 42.6493   165.336 20.7676   55.5162 53.4115 9305.14   52.6362 -12345   1.20889 -0.488669 0.149074
247.356 44.6173   412.358 24.4919   144.191 124.912 8174.61   133.755 120.122   0.627099 -0.279721 0.155389
247.515 43.9997   358.688 31.1388   121.927 108.933 7550.37   115.415 104.218   -0.120585 0.0566293 0.158753
247.567 43.3998   307.471 38.537   99.3281 95.1859 5194.56   98.5041 -12345   -1.08294 0.447546 0.150495
248.513 43.8756   397.953 41.9537   128.51 100.061 6840.79   128.449 115.503   -1.7922 0.659754 0.142719
249.424 43.92   455.431 48.0969   148.008 139.274 8578.52   148.502 132.232   -4.24068 1.15929 0.12338
249.98 43.2112   450.066 59.586   144.634 138.359 9878.96   148.082 130.184   -20.9655 3.10739 0.0824158
249.08 42.7507   361.521 61.4161   110.974 112.896 11092.1   117.457 103.976   -25.1434 3.6358 0.0783851
250.442 42.7667   465.243 67.1487   148.249 143.729 10118.3   154.005 134.254   -31.9344 5.53675 0.0782668
249.958 42.6372   423.059 67.1947   131.596 130.953 10139.2   139.228 121.819   -31.9371 5.55197 0.0783486
249.127 42.0995   339.978 72.7583   100.646 84.9831 13694.2   110.661 97.2449   -27.4785 7.09319 0.0978399
250.643 42.1012   462.647 76.5317   145.433 143.751 11728.5   153.909 133.105   -22.5844 7.78987 0.118226
249.964 41.9243   403.948 77.8852   124.762 125.777 10195.9   133.189 115.9   -20.9366 7.98617 0.126303
249.334 41.4729   346.654 84.7198   105.134 109.741 13299.7   113.345 99.0123   -14.7724 8.65556 0.1699
250.843 41.5047   472.717 84.8387   146.099 146.928 7876.07   157.34 135.797   -14.6943 8.66385 0.170668
249.933 41.4272   396.521 85.7518   124.094 124.499 10304.6   130.697 113.571   -14.0946 8.72744 0.176569
250.327 40.9763   431.676 92.5069   136.107 136.818 13012.6   143.022 123.852   -10.9475 9.06846 0.218493
250.823 40.8936   474.205 93.0823   149.314 148.82 13735.4   157.707 136.251   -10.7569 9.0898 0.221843
249.167 40.9425   335.083 94.747   94.1052 106.636 9308.8   109.24 95.5888   -10.2432 9.14771 0.231331
250.876 40.2982   490.802 100.729   151.501 153.716 10184.1   163.568 141.32   -8.88577 9.30541 0.261826
249.754 39.6279   426.671 113.686   130.783 112.164 11824.9   140.388 122.823   -7.55781 9.46837 0.302778
249.26 39.473   397.789 118.642   118.784 124.628 10829.6   129.878 114.448   -7.42775 9.48492 0.307634
249.867 39.1025   463.987 119.609   139.173 143.461 13013.8   152.214 133.897   -7.42117 9.48576 0.307884
248.828 38.9176   404.135 128.929   118.024 125.314 10697.5   131.318 116.357   -7.7014 9.45024 0.29763
249.289 38.4187   471.082 130.764   137.209 122.53 12292.7   153.514 136.057   -7.8337 9.43365 0.293061
245.796 40.8556   67.2834 131.732   34.0465 12.4553 18728.3   21.5357 -12345   -7.913 9.42375 0.29038
248.517 38.2843   435.727 138.285   126.873 112.431 9076.2   142.351 125.951   -8.71678 9.32558 0.26628
248.404 37.7222   479.755 143.967   144.419 146.725 13245.1   158.236 139.218   -9.88367 9.18867 0.238454
247.723 38.2108   401.691 146.667   118.808 101.232 12036.5   130.994 115.94   -10.6739 9.09909 0.223302
247.637 37.6761   449.729 151.475   134.923 116.077 9166.88   148.097 130.121   -12.584 8.88919 0.194215
245.98 38.9551   264.424 165.209   99.7711 70.9318 5491.87   85.4497 75.1411   -24.8209 7.49919 0.108351
246.093 37.0195   477.053 170.421   179.108 132.124 3560.08   158.181 136.756   -30.9519 6.29062 0.0845955
245.285 36.7256   503.442 179.137   179.549 139.625 5015.1   167.33 144.006   -23.8897 3.47114 0.0794984
244.346 38.8455   277.818 195.453   92.681 77.4157 7304.64   92.1513 -12345   -2.59772 0.849149 0.135224
243.6 38.8247   302.909 207.264   100.327 85.3207 7413.63   101.258 86.7619   -0.294654 0.136748 0.158033
242.818 38.834   337.428 217.755   113.906 95.197 5579.84   113.507 96.8398   0.949415 -0.402297 0.151987
241.92 39.6946   327.946 239.016   123.24 88.601 7270.37   108.44 93.8771   19.6367 -2.96095 0.0840387
242.81 40.1697   235.447 239.789   83.8259 63.1045 9221.73   77.5347 67.364   21.438 -3.15947 0.0818387
240.241 39.3104   473.915 244.397   167.996 130.795 7547.77   156.723 136.086   30.3646 -4.60658 0.0755639
242.779 40.4314   223.931 246.491   79.7966 59.9734 9251.64   73.5593 64.1009   31.8957 -5.3191 0.0770963
239.959 39.4725   487.282 247.637   172.742 133.599 8174.78   160.601 139.913   31.9632 -5.69852 0.0791368
240.102 39.6785   466.551 249.52   161.558 127.77 7036.39   153.286 133.867   30.9905 -6.27307 0.084416
241.845 40.2903   302.983 250.246   109.221 80.7276 8156.36   99.2903 86.7467   30.4052 -6.47968 0.0868882
239.775 39.6502   493.558 250.506   176.1 135.075 6256.49   162.149 141.688   30.1177 -6.54654 0.0879575
241.123 40.1614   365.431 251.801   131.34 98.755 7053.2   119.681 104.664   28.687 -6.8793 0.0932784
239.64 39.8666   495.525 253.595   178.693 137.249 5846.44   162.349 142.25   26.3882 -7.27266 0.101969
239.812 40.025   475.851 254.986   167.825 129.666 9175.55   155.718 136.57   24.5638 -7.53375 0.109435
240.173 40.165   441.764 255.643   157.542 119.916 7166.89   144.371 126.682   23.7004 -7.64976 0.113076
239.603 40.1808   487.737 257.587   173.21 133.102 7360.35   159.551 140.058   21.2999 -7.94289 0.124522
242.476 40.852   233.418 259.682   84.3997 61.5022 9302.86   76.4842 66.8944   18.9911 -8.20375 0.137493
239.398 40.3453   499.926 260.16   178.263 138.206 7963.28   163.661 143.686   18.5017 -8.25765 0.140508
241.866 40.7811   285.398 260.336   107.418 75.8315 9448.15   93.2241 81.7736   18.3395 -8.27508 0.141636
241.029 40.7797   354.816 262.709   132.79 95.5281 7612.24   115.668 101.684   16.2525 -8.49859 0.156889
240.165 40.7484   427.323 264   154.887 116.852 7295.42   139.515 122.623   15.2448 -8.60546 0.165251
240.829 41.3884   366.185 273.676   146.235 99.1664 9593.72   119.614 105.128   10.5604 -9.1118 0.225297
241.621 41.4483   300.208 275.181   113.924 79.5663 10452.7   97.9884 86.1714   10.1215 -9.16158 0.233737
242.55 41.423   222.531 275.548   86.2679 80.4321 9804.12   73.0431 63.8932   10.0185 -9.17331 0.235773
243.46 41.522   148.403 281.901   69.7144 36.3344 7115.01   -12345 42.5851   8.68485 -9.32939 0.267121
240.66 42.0187   387.478 284.081   145.097 105.679 10944.2   127.051 111.668   8.36883 -9.36761 0.27609
242.333 42.0192   253.298 290.424   96.3745 67.5797 12347.5   82.8164 72.8024   7.74351 -9.44494 0.296148
241.656 42.1901   312.423 290.512   116.441 83.456 11955.7   101.988 89.8545   7.73781 -9.44566 0.296348
241.363 42.4339   344.258 293.56   126.738 93.0178 12239.2   112.459 99.0826   7.56404 -9.46758 0.302552
240.753 42.6912   401.328 294.843   147.484 110.122 11356.1   131.663 115.748   7.51317 -9.47404 0.304426
239.847 43.2515   493.88 298.424   178.077 137.288 11920   162.985 142.923   7.42923 -9.48473 0.307577
241.514 42.7308   346.31 299.409   128.99 94.2931 12675.5   113.027 99.689   7.42252 -9.48559 0.307832
243.529 42.0773   166.143 303.719   73.6399 65.412 8868.77   -12345 47.7045   7.46736 -9.47987 0.306135
240.689 43.3736   439.69 303.814   161.174 121.9 10195.3   144.12 126.801   7.46933 -9.47962 0.30606
242.275 42.6996   290.373 304.429   108.972 78.6531 12495.6   94.8341 83.5349   7.48797 -9.47725 0.305364
241.526 43.358   382.122 308.847   142.663 105.537 12047.7   124.991 109.981   7.6961 -9.4509 0.297816
240.496 44.082   496.811 310.735   180.326 138.762 12872.8   162.965 143.149   7.83127 -9.43395 0.293143
242.246 43.3471   336.223 314.623   126.94 93.1115 11568.7   109.913 96.7684   8.21163 -9.38686 0.280868
241.431 43.9104   426.996 314.893   155.944 118.269 11926.9   139.483 122.862   8.2444 -9.38285 0.279872
243.13 42.7779   240.443 315.261   93.3329 87.9307 11432.6   78.6816 69.2096   8.289 -9.37739 0.278517
241.33 44.5191   480.527 320.226   171.638 134.087 10748.7   156.674 138.135   9.05639 -9.28512 0.257429
244.246 42.1669   128.253 322.123   60.8262 33.0525 8119.51   42.0388 -12345   9.44434 -9.23954 0.24811
242.259 43.9733   386.039 322.357   138.786 106.898 10494.8   125.759 111.122   9.50002 -9.23309 0.246887
242.076 44.538   444.566 326.083   163.609 123.866 9847.19   144.395 127.779   10.4803 -9.12077 0.226706
243.233 43.4275   290.221 326.757   108.623 80.013 11164.8   94.6037 83.7093   10.7036 -9.09576 0.22278
243.968 42.7713   196.444 329.161   81.5037 54.4098 8323.49   64.1232 56.5755   11.5703 -8.99959 0.208508
242.336 44.6653   444.581 329.308   161.839 123.857 10426.4   144.12 127.779   11.6279 -8.99326 0.207618
242.494 44.8448   455.13 331.99   164.672 127.364 10451.5   147.417 130.785   12.8229 -8.8633 0.191003
243.197 44.086   354.245 333.106   133.156 99.5148 9358.07   114.923 102.153   13.4379 -8.79752 0.183882
242.694 44.8525   448.231 333.797   161.061 125.735 11118.3   145.196 128.87   13.8197 -8.75669 0.179467
243.253 44.589   402.503 337.436   147.089 114.051 9433.91   130.617 115.957   16.3656 -8.48659 0.155951
242.88 45.2925   485.919 338.024   176.988 137.006 8422.34   157.998 139.681   16.8274 -8.43758 0.152148
242.966 45.164   470.129 338.082   171.807 132.878 9421.57   152.811 135.207   16.8813 -8.43179 0.151774
243.336 45.045   446.961 340.837   163.596 126.939 8405.69   145.741 128.699   19.5479 -8.14179 0.134255
244.172 43.4151   253.931 340.888   100.326 94.4163 6959.28   82.5023 73.246   19.603 -8.13565 0.133934
244.042 43.9121   309.554 342.537   118.455 110.661 6485.38   100.638 -12345   21.4508 -7.92489 0.123783
243.601 44.991   434.414 343.143   160.295 124.494 7240.1   142.056 125.218   22.1883 -7.83703 0.120167
243.86 44.932   422.257 345.508   156.667 121.572 4860.43   138.392 121.815   25.213 -7.44651 0.106698
243.987 44.7035   395.12 345.935   146.537 113.18 6917.12   129.299 114.047   25.7742 -7.3711 0.104331
243.732 45.3997   475.054 346.01   175.17 136.678 7254.02   156.291 136.877   25.8737 -7.35732 0.103918
244.867 43.7945   282.867 354.571   110.72 104.754 4591.16   91.7131 81.6599   31.3313 -4.9605 0.0759878
