246.548 43.9286   316.402 19.9795   105.992 97.5247 8028.14   101.807 91.8521   1.35249 -0.535352 7372.77
247.356 44.6173   412.358 24.4919   144.191 124.912 8174.61   133.755 120.122   0.627099 -0.279721 7769.45
247.515 43.9997   358.688 31.1388   121.927 108.933 7550.37   115.415 104.218   -0.120585 0.0566293 7937.65
248.513 43.8756   397.953 41.9537   128.51 122.061 6840.79   128.449 115.503   -1.7922 0.659754 7135.96
249.424 43.92   455.431 48.0969   148.008 139.274 8578.52   148.502 132.232   -4.24068 1.15929 6169
249.98 43.2112   450.066 59.586   144.634 138.359 9878.96   148.082 130.184   -20.9655 3.10739 4120.79
249.08 42.7507   361.521 61.4161   110.974 112.896 11092.1   117.457 103.976   -25.1434 3.6358 3919.25
250.442 42.7667   465.243 67.1487   148.249 143.729 10118.3   154.005 134.254   -31.9344 5.53675 3913.34
249.958 42.6372   423.059 67.1947   131.596 130.953 10139.2   139.228 121.819   -31.9371 5.55197 3917.43
249.127 42.0995   339.978 72.7583   100.646 106.983 13694.2   110.661 97.2449   -27.4785 7.09319 4891.99
250.643 42.1012   462.647 76.5317   145.433 143.751 11728.5   153.909 133.105   -22.5844 7.78987 5911.28
249.964 41.9243   403.948 77.8852   124.762 125.777 10195.9   133.189 115.9   -20.9366 7.98617 6315.17
249.334 41.4729   346.654 84.7198   105.134 109.741 13299.7   113.345 99.0123   -14.7724 8.65556 8494.98
250.843 41.5047   472.717 84.8387   146.099 146.928 7876.07   157.34 135.797   -14.6943 8.66385 8533.4
249.933 41.4272   396.521 85.7518   124.094 124.499 10304.6   130.697 113.571   -14.0946 8.72744 8828.43
250.327 40.9763   431.676 92.5069   136.107 136.818 13012.6   143.022 123.852   -10.9475 9.06846 10924.6
250.823 40.8936   474.205 93.0823   149.314 148.82 13735.4   157.707 136.251   -10.7569 9.0898 11092.2
249.167 40.9425   335.083 94.747   94.1052 106.636 9308.8   109.24 95.5888   -10.2432 9.14771 11566.5
250.876 40.2982   490.802 100.729   151.501 153.716 10184.1   163.568 141.32   -8.88577 9.30541 13091.3
249.754 39.6279   426.671 113.686   130.783 134.164 11824.9   140.388 122.823   -7.55781 9.46837 15138.9
249.26 39.473   397.789 118.642   118.784 124.628 10829.6   129.878 114.448   -7.42775 9.48492 15381.7
249.867 39.1025   463.987 119.609   139.173 143.461 13013.8   152.214 133.897   -7.42117 9.48576 15394.2
248.828 38.9176   404.135 128.929   118.024 125.314 10697.5   131.318 116.357   -7.7014 9.45024 14881.5
249.289 38.4187   471.082 130.764   137.209 144.53 12292.7   153.514 136.057   -7.8337 9.43365 14653
248.517 38.2843   435.727 138.285   126.873 134.431 9076.2   142.351 125.951   -8.71678 9.32558 13314
248.404 37.7222   479.755 143.967   144.419 146.725 13245.1   158.236 139.218   -9.88367 9.18867 11922.7
247.723 38.2108   401.691 146.667   118.808 123.232 12036.5   130.994 115.94   -10.6739 9.09909 11165.1
247.637 37.6761   449.729 151.475   134.923 138.077 9166.88   148.097 130.121   -12.584 8.88919 9710.77
245.98 38.9551   264.424 165.209   99.7711 92.9318 5491.87   85.4497 75.1411   -24.8209 7.49919 5417.56
246.093 37.0195   477.053 170.421   179.108 132.124 3560.08   158.181 136.756   -30.9519 6.29062 4229.77
245.285 36.7256   503.442 179.137   179.549 139.625 5015.1   167.33 144.006   -23.8897 3.47114 3974.92
243.6 38.8247   302.909 207.264   100.327 85.3207 7413.63   101.258 86.7619   -0.294654 0.136748 7901.64
242.818 38.834   337.428 217.755   113.906 95.197 5579.84   113.507 96.8398   0.949415 -0.402297 7599.36
241.92 39.6946   327.946 239.016   123.24 88.601 7270.37   108.44 93.8771   19.6367 -2.96095 4201.94
242.81 40.1697   235.447 239.789   83.8259 63.1045 9221.73   77.5347 67.364   21.438 -3.15947 4091.94
240.241 39.3104   473.915 244.397   167.996 130.795 7547.77   156.723 136.086   30.3646 -4.60658 3778.2
242.779 40.4314   223.931 246.491   79.7966 59.9734 9251.64   73.5593 64.1009   31.8957 -5.3191 3854.82
239.959 39.4725   487.282 247.637   172.742 133.599 8174.78   160.601 139.913   31.9632 -5.69852 3956.84
240.102 39.6785   466.551 249.52   161.558 127.77 7036.39   153.286 133.867   30.9905 -6.27307 4220.8
241.845 40.2903   302.983 250.246   109.221 80.7276 8156.36   99.2903 86.7467   30.4052 -6.47968 4344.41
239.775 39.6502   493.558 250.506   176.1 135.075 6256.49   162.149 141.688   30.1177 -6.54654 4397.87
241.123 40.1614   365.431 251.801   131.34 98.755 7053.2   119.681 104.664   28.687 -6.8793 4663.92
239.64 39.8666   495.525 253.595   178.693 137.249 5846.44   162.349 142.25   26.3882 -7.27266 5098.45
239.812 40.025   475.851 254.986   167.825 129.666 9175.55   155.718 136.57   24.5638 -7.53375 5471.76
240.173 40.165   441.764 255.643   157.542 119.916 7166.89   144.371 126.682   23.7004 -7.64976 5653.78
239.603 40.1808   487.737 257.587   173.21 133.102 7360.35   159.551 140.058   21.2999 -7.94289 6226.12
242.476 40.852   233.418 259.682   84.3997 61.5022 9302.86   76.4842 66.8944   18.9911 -8.20375 6874.67
239.398 40.3453   499.926 260.16   178.263 138.206 7963.28   163.661 143.686   18.5017 -8.25765 7025.42
241.866 40.7811   285.398 260.336   107.418 75.8315 9448.15   93.2241 81.7736   18.3395 -8.27508 7081.79
241.029 40.7797   354.816 262.709   132.79 95.5281 7612.24   115.668 101.684   16.2525 -8.49859 7844.44
240.165 40.7484   427.323 264   154.887 116.852 7295.42   139.515 122.623   15.2448 -8.60546 8262.55
240.829 41.3884   366.185 273.676   146.235 99.1664 9593.72   119.614 105.128   10.5604 -9.1118 11264.9
241.621 41.4483   300.208 275.181   113.924 79.5663 10452.7   97.9884 86.1714   10.1215 -9.16158 11686.9
242.55 41.423   222.531 275.548   86.2679 58.4321 9804.12   73.0431 63.8932   10.0185 -9.17331 11788.6
240.66 42.0187   387.478 284.081   145.097 105.679 10944.2   127.051 111.668   8.36883 -9.36761 13804.5
242.333 42.0192   253.298 290.424   96.3745 67.5797 12347.5   82.8164 72.8024   7.74351 -9.44494 14807.4
241.656 42.1901   312.423 290.512   116.441 83.456 11955.7   101.988 89.8545   7.73781 -9.44566 14817.4
241.363 42.4339   344.258 293.56   126.738 93.0178 12239.2   112.459 99.0826   7.56404 -9.46758 15127.6
240.753 42.6912   401.328 294.843   147.484 110.122 11356.1   131.663 115.748   7.51317 -9.47404 15221.3
239.847 43.2515   493.88 298.424   178.077 137.288 11920   162.985 142.923   7.42923 -9.48473 15378.9
241.514 42.7308   346.31 299.409   128.99 94.2931 12675.5   113.027 99.689   7.42252 -9.48559 15391.6
240.689 43.3736   439.69 303.814   161.174 121.9 10195.3   144.12 126.801   7.46933 -9.47962 15303
242.275 42.6996   290.373 304.429   108.972 78.6531 12495.6   94.8341 83.5349   7.48797 -9.47725 15268.2
241.526 43.358   382.122 308.847   142.663 105.537 12047.7   124.991 109.981   7.6961 -9.4509 14890.8
240.496 44.082   496.811 310.735   180.326 138.762 12872.8   162.965 143.149   7.83127 -9.43395 14657.1
242.246 43.3471   336.223 314.623   126.94 93.1115 11568.7   109.913 96.7684   8.21163 -9.38686 14043.4
241.431 43.9104   426.996 314.893   155.944 118.269 11926.9   139.483 122.862   8.2444 -9.38285 13993.6
243.13 42.7779   240.443 315.261   93.3329 65.9307 11432.6   78.6816 69.2096   8.289 -9.37739 13925.8
241.33 44.5191   480.527 320.226   171.638 134.087 10748.7   156.674 138.135   9.05639 -9.28512 12871.5
242.259 43.9733   386.039 322.357   138.786 106.898 10494.8   125.759 111.122   9.50002 -9.23309 12344.3
242.076 44.538   444.566 326.083   163.609 123.866 9847.19   144.395 127.779   10.4803 -9.12077 11335.3
243.233 43.4275   290.221 326.757   108.623 80.013 11164.8   94.6037 83.7093   10.7036 -9.09576 11139
243.968 42.7713   196.444 329.161   81.5037 54.4098 8323.49   64.1232 56.5755   11.5703 -8.99959 10425.4
242.336 44.6653   444.581 329.308   161.839 123.857 10426.4   144.12 127.779   11.6279 -8.99326 10380.9
242.494 44.8448   455.13 331.99   164.672 127.364 10451.5   147.417 130.785   12.8229 -8.8633 9550.15
243.197 44.086   354.245 333.106   133.156 99.5148 9358.07   114.923 102.153   13.4379 -8.79752 9194.08
242.694 44.8525   448.231 333.797   161.061 125.735 11118.3   145.196 128.87   13.8197 -8.75669 8973.34
243.253 44.589   402.503 337.436   147.089 114.051 9433.91   130.617 115.957   16.3656 -8.48659 7797.55
242.88 45.2925   485.919 338.024   176.988 137.006 8422.34   157.998 139.681   16.8274 -8.43758 7607.42
242.966 45.164   470.129 338.082   171.807 132.878 9421.57   152.811 135.207   16.8813 -8.43179 7588.69
243.336 45.045   446.961 340.837   163.596 126.939 8405.69   145.741 128.699   19.5479 -8.14179 6712.73
244.172 43.4151   253.931 340.888   100.326 72.4163 6959.28   82.5023 73.246   19.603 -8.13565 6696.69
243.601 44.991   434.414 343.143   160.295 124.494 7240.1   142.056 125.218   22.1883 -7.83703 6008.36
243.86 44.932   422.257 345.508   156.667 121.572 4860.43   138.392 121.815   25.213 -7.44651 5334.9
243.987 44.7035   395.12 345.935   146.537 113.18 6917.12   129.299 114.047   25.7742 -7.3711 5216.57
243.732 45.3997   475.054 346.01   175.17 136.678 7254.02   156.291 136.877   25.8737 -7.35732 5195.88
