AT SMY  174.1031 52.7308
AZ MONP  -116.4225 32.8927
AZ MONP2  -116.4223 32.892
AZ PFO  -116.4594 33.6117
BK BDM  -121.8655 37.95397
BK CMB  -120.3865 38.03455
BK CVS  -122.4584 38.34526
BK FARB  -123.0011 37.69782
BK GASB  -122.716 39.65471
BK HOPS  -123.0723 38.99349
BK HUMO  -122.9567 42.6071
BK JCC  -124.0295 40.81745
BK JRSC  -122.2387 37.40373
BK KCC  -119.3187 37.32363
BK MCCM  -122.8802 38.14478
BK MNRC  -122.4428 38.87874
BK MOD  -120.3029 41.90246
BK ORV  -121.5004 39.55451
BK PACP  -121.287 37.008
BK PKD  -120.5416 35.94517
BK SAO  -121.4472 36.76403
BK WDC  -122.5411 40.57988
BK WENL  -121.757 37.62211
BK YBH  -122.7104 41.73204
CI ADO  -117.4339 34.55046
CI ARV  -118.8301 35.1269
CI BBR  -116.9208 34.2623
CI BC3  -115.4537 33.65515
CI BCC  -117.2612 33.57508
CI BEL  -115.9982 34.0006
CI BFS  -117.6585 34.23883
CI CIA  -118.415 33.4019
CI CWC  -118.0802 36.43988
CI DAN  -115.3811 34.63745
CI DEC  -118.3338 34.25353
CI DVT  -116.1006 32.65915
CI EDW2  -117.9939 34.8811
CI FMP  -118.2938 33.71264
CI FUR  -116.8632 36.46703
CI GLA  -114.8271 33.05149
CI GMR  -115.6599 34.78457
CI GOR  -117.2292 33.1537
CI GRA  -117.3662 36.99608
CI GSC  -116.8057 35.30177
CI HEC  -116.335 34.8294
CI IRM  -115.1451 34.15738
CI ISA  -118.474 35.66278
CI LGU  -119.0659 34.10819
CI LRL  -117.6821 35.47954
CI MLAC  -118.8361 37.63019
CI MPM  -117.489 36.05799
CI MPP  -119.8136 34.88848
CI MUR  -117.1954 33.59999
CI NEE  -114.5994 34.8249
CI NEE2  -114.6188 34.76759
CI OSI  -118.7235 34.6145
CI PASC  -118.1852 34.17141
CI PDM  -114.1415 34.30336
CI RCT  -119.2438 36.30523
CI RRX  -116.9968 34.87533
CI SBC  -119.7149 34.44076
CI SCI2  -118.547 32.9799
CI SCZ2  -119.6351 33.99543
CI SDP  -120.5014 34.56547
CI SDR  -116.9424 32.73561
CI SHO  -116.2753 35.89953
CI SMM  -119.9958 35.3142
CI SNCC  -119.5244 33.24787
CI SWS  -115.7999 32.94508
CI TIN  -118.2301 37.05422
CI TUQ  -115.9239 35.43584
CI VES  -119.0847 35.84089
II KDAK  -152.5835 57.7828
II PFO  -116.4553 33.6092
IU ADK  -176.6842 51.8823
IU ANMO  -106.4571 34.94591
IU CCM  -91.2446 38.0557
IU COLA  -147.8616 64.8736
IU COR  -123.3046 44.5855
IU DWPF  -81.4327 28.1103
IU HKT  -95.8384 29.9618
IU HRV  -71.5583 42.5064
IU RSSD  -104.0359 44.1212
IU SSPA  -77.8876 40.6358
IU TUC  -110.7847 32.3098
IU WCI  -86.2939 38.2289
IU WVT  -87.83 36.1297
LB BMN  -117.221 40.4314
LD PAL  -73.9079 41.0056
NN BEK  -120.3596 39.8666
NN OMM  -119.0004 37.6123
NN WCN  -119.759 39.3104
TA 109C  -117.1051 32.8889
TA 112A  -114.5804 32.5356
TA 113A  -113.7667 32.7683
TA 114A  -112.883 32.7513
TA 115A  -112.2279 32.7006
TA 116A  -111.7042 32.5618
TA 117A  -110.7393 32.5716
TA 118A  -109.9697 32.6399
TA 119A  -109.3029 32.7663
TA 120A  -108.633 32.5466
TA 121A  -107.7851 32.5324
TA 122A  -107.0005 32.6995
TA 123A  -106.2622 32.6349
TA 124A  -105.4544 32.7001
TA 125A  -104.6573 32.6588
TA 126A  -104.0204 32.6462
TA 127A  -103.3575 32.6764
TA 214A  -112.8115 31.9559
TA 216A  -111.4574 32.0022
TA 217A  -110.8162 31.7748
TA 218A  -110.0464 31.9737
TA 219A  -109.2592 31.9989
TA 220A  -108.5266 31.9041
TA 221A  -107.7782 32.0094
TA 222A  -107.1013 32.1046
TA 223A  -106.4276 32.0062
TA 224A  -105.5226 32.076
TA 225A  -104.8229 32.1101
TA 226A  -104.1014 32.0618
TA 227A  -103.2924 32.012
TA 318A  -109.9907 31.439
TA 319A  -109.2809 31.3757
TA 320A  -108.5284 31.3369
TA 324A  -105.4828 31.4425
TA 325A  -104.9712 31.3711
TA 326A  -103.9786 31.3165
TA 327A  -103.4923 31.3691
TA 328A  -102.8097 31.3818
TA 425A  -104.9857 30.7862
TA 426A  -104.0293 30.6689
TA 427A  -103.4018 30.8498
TA 428A  -102.6847 30.7263
TA 526A  -104.0898 30.0609
TA 527A  -103.6119 30.1456
TA 528A  -102.788 30.1615
TA 626A  -104.1335 29.554
TA 627A  -103.3887 29.4528
TA 628A  -102.8885 29.4862
TA A04A  -122.707 48.7197
TA A05A  -122.0852 48.9983
TA A06A  -121.4804 49.0983
TA A07A  -120.3837 49.048
TA A08A  -119.2725 48.9534
TA A09A  -118.5851 48.9752
TA A10A  -117.5586 48.9813
TA A11A  -116.3631 48.958
TA A12A  -115.6526 48.9339
TA A13A  -114.4135 48.933
TA A14A  -113.4218 48.9725
TA A15A  -112.7327 48.9777
TA A16A  -111.5968 48.9482
TA A17A  -110.6994 48.9448
TA A18A  -109.8459 48.9198
TA A19A  -108.7429 48.9286
TA A20A  -107.9257 48.8799
TA A21A  -106.9254 48.9912
TA A22A  -105.9153 48.9926
TA A23A  -104.8786 48.9592
TA A24A  -104.0018 48.9239
TA B04A  -123.504 48.0575
TA B05A  -122.096 48.2641
TA B06A  -121.4845 48.5183
TA B07A  -120.1197 48.4607
TA B08A  -119.3332 48.3584
TA B09A  -118.1488 48.4226
TA B10A  -117.2252 48.2995
TA B11A  -116.3674 48.4366
TA B12A  -115.5889 48.4694
TA B13A  -114.4676 48.3739
TA B14A  -113.2729 48.3609
TA B15A  -112.5619 48.3129
TA B16A  -111.7073 48.4128
TA B17A  -110.7988 48.2921
TA B18A  -109.7775 48.3943
TA B19A  -108.9443 48.4551
TA B20A  -108.0209 48.4389
TA B21A  -107.0166 48.4278
TA B22A  -105.9964 48.3008
TA B23A  -104.9909 48.4643
TA BNLO  -122.1729 37.1311
TA BRSD  -98.9563 44.443
TA C03A  -124.5662 47.9475
TA C04A  -122.9718 47.7172
TA C05A  -121.6895 47.6947
TA C06A  -120.8944 47.923
TA C07A  -120.0613 47.6902
TA C08A  -119.0454 47.7849
TA C09A  -118.2741 47.8006
TA C10A  -117.3077 47.8192
TA C11A  -116.2557 47.8397
TA C12B  -115.475 47.7092
TA C13A  -114.5735 47.6795
TA C14A  -113.7468 47.7687
TA C15A  -112.6072 47.775
TA C16A  -111.7458 47.8012
TA C17A  -110.7626 47.6327
TA C19A  -109.0489 47.7343
TA C20A  -108.0042 47.7133
TA C21A  -107.096 47.8264
TA C22A  -105.8841 47.7456
TA C23A  -105.1844 47.8026
TA C24A  -104.4252 47.5302
TA D03A  -123.7714 47.1161
TA D04A  -122.8035 47.1109
TA D05A  -121.9888 47.1881
TA D06A  -120.8445 47.1935
TA D07A  -119.9732 47.1936
TA D08A  -118.921 47.0573
TA D09A  -118.3092 47.0615
TA D10A  -117.2759 47.0547
TA D11A  -116.3353 47.0477
TA D12A  -115.3525 47.0528
TA D13A  -114.4587 47.0943
TA D14A  -113.5062 47.0816
TA D15A  -112.5204 47.0418
TA D16A  -111.5492 47.0308
TA D17A  -110.6873 47.1523
TA D18A  -109.8023 47.1961
TA D19A  -108.88 47.1646
TA D20A  -108.1362 47.0911
TA D21A  -106.9939 47.0658
TA D22A  -106.1797 47.1498
TA D23A  -105.2071 47.173
TA D24A  -104.327 47.1152
TA E03A  -123.5632 46.5459
TA E04A  -122.7204 46.5934
TA E05A  -121.7608 46.5605
TA E06A  -120.9791 46.5433
TA E07A  -119.8548 46.5585
TA E08A  -119.0595 46.4911
TA E09A  -118.1455 46.5139
TA E10A  -117.1102 46.485
TA E11A  -116.2092 46.3559
TA E12A  -115.5705 46.4151
TA E13A  -114.188 46.4423
TA E14A  -113.4926 46.4162
TA E15A  -112.6412 46.4246
TA E16A  -111.6764 46.5336
TA E17A  -110.8576 46.462
TA E18A  -109.9137 46.5663
TA E19A  -108.786 46.4611
TA E20A  -108.1301 46.5038
TA E21A  -107.0757 46.5408
TA ELFS  -120.7279 40.6183
TA F03A  -123.5591 45.9306
TA F04A  -122.4193 45.9325
TA F05A  -121.4588 45.8839
TA F06A  -120.7817 45.7664
TA F07A  -119.9278 45.8951
TA F08A  -118.7768 45.7971
TA F09A  -117.9094 45.7087
TA F10A  -117.2277 45.9734
TA F11A  -116.1549 45.8883
TA F12A  -115.2547 45.7565
TA F13A  -114.3317 45.7893
TA F14A  -113.3699 45.8122
TA F15A  -112.4929 45.8409
TA F16A  -111.6262 45.7843
TA F17A  -110.659 45.9054
TA F18A  -109.7158 45.9046
TA F19A  -108.9437 45.8538
TA F20A  -108.1488 45.8006
TA F21A  -107.1233 45.8231
TA G03A  -123.2811 45.3153
TA G04A  -122.4784 45.2059
TA G05A  -121.3167 45.2422
TA G06A  -120.6351 45.2357
TA G07A  -119.6692 45.2664
TA G08A  -118.9595 45.2904
TA G09A  -117.7802 45.2781
TA G10A  -117.1204 45.2925
TA G11A  -116.268 45.3997
TA G12A  -115.3257 45.1285
TA G13A  -114.2329 45.0931
TA G14A  -113.4604 45.2432
TA G15A  -112.4887 45.166
TA G16A  -111.8046 45.2285
TA G17A  -110.7398 45.3212
TA G18A  -109.5631 45.3171
TA G20A  -108.2141 45.2202
TA G21A  -107.207 45.225
TA H02A  -123.9997 44.6764
TA H03A  -123.2923 44.6765
TA H04A  -122.1862 44.6837
TA H05A  -121.2271 44.6473
TA H06A  -120.3346 44.7344
TA H07A  -119.5646 44.5913
TA H08A  -118.6704 44.5191
TA H09A  -117.6643 44.6653
TA H10A  -116.7474 44.589
TA H11A  -116.0127 44.7035
TA H12A  -114.8554 44.5494
TA H13A  -114.2545 44.5642
TA H14A  -113.3674 44.6165
TA H15A  -112.6439 44.6173
TA H16A  -111.2478 44.7038
TA H17A  -110.5762 44.3951
TA H18A  -109.6641 44.6769
TA H19A  -108.9857 44.6704
TA H20A  -107.999 44.4868
TA H21A  -107.0423 44.6277
TA H22A  -106.3521 44.5943
TA HAST  -121.5514 36.3887
TA HATC  -121.4612 40.8161
TA HELL  -119.0228 36.6801
TA I02A  -123.8299 44.0035
TA I03A  -123.2777 43.9726
TA I04A  -122.4113 43.7941
TA I05A  -121.2675 44.1626
TA I06A  -120.2107 43.9437
TA I07A  -119.5042 44.082
TA I08A  -118.5692 43.9104
TA I09A  -117.7407 43.9733
TA I10A  -116.8029 44.086
TA I11A  -115.9578 43.9121
TA I12A  -115.1328 43.7945
TA I13A  -114.1169 43.9146
TA I14A  -113.4518 43.9286
TA I15A  -112.485 43.9997
TA I16A  -111.4868 43.8756
TA I17A  -110.5759 43.92
TA I18A  -109.8171 43.7013
TA I19A  -108.9943 44.0363
TA I20A  -108.1283 43.9496
TA I21A  -107.292 43.8122
TA I22A  -106.484 43.8924
TA J02A  -123.5747 43.3654
TA J03A  -122.9646 43.3717
TA J04A  -122.1093 43.2406
TA J05A  -121.2357 43.2843
TA J06A  -120.1528 43.2515
TA J07A  -119.3105 43.3736
TA J08A  -118.4743 43.358
TA J09A  -117.7542 43.3471
TA J10A  -116.767 43.4275
TA J11A  -115.8278 43.4151
TA J12A  -115.098 43.25
TA J13A  -114.1742 43.3979
TA J14A  -113.5178 43.3234
TA J15A  -112.4334 43.3998
TA J16A  -111.6119 43.2741
TA J17A  -110.7118 43.3629
TA J18A  -110.02 43.2112
TA J19A  -109.0531 43.2649
TA J20A  -108.0842 43.3531
TA J21A  -107.4459 43.3459
TA J22A  -106.4785 43.4126
TA K01A  -124.4692 42.8088
TA K02A  -123.4898 42.7667
TA K04A  -121.7307 42.6133
TA K05A  -120.8934 42.7258
TA K06A  -120.251 42.7991
TA K07A  -119.2469 42.6912
TA K08A  -118.4864 42.7308
TA K09A  -117.7251 42.6996
TA K10A  -116.8705 42.7779
TA K11A  -116.0323 42.7713
TA K12A  -114.9029 42.636
TA K13A  -114.084 42.6493
TA K14A  -113.176 42.5452
TA K15A  -112.5305 42.6852
TA K16A  -111.5884 42.8321
TA K17A  -110.9201 42.7507
TA K18A  -110.0417 42.6372
TA K19A  -108.8466 42.8247
TA K20A  -108.3418 42.6579
TA K21A  -107.251 42.6332
TA K22A  -106.524 42.6507
TA L02A  -123.6018 42.156
TA L04A  -121.891 42.175
TA L05A  -120.8336 42.0472
TA L07A  -119.3398 42.0187
TA L08A  -118.3445 42.1901
TA L09A  -117.6667 42.0192
TA L10A  -116.4711 42.0773
TA L11A  -115.7541 42.1669
TA L12A  -115.0162 42.146
TA L13A  -113.9444 42.0886
TA L14A  -113.2398 42.0343
TA L15A  -112.386 42.0041
TA L16A  -111.4319 42.0149
TA L17A  -110.8727 42.0995
TA L18A  -110.0364 41.9243
TA L19A  -109.3575 42.1012
TA L20A  -108.3398 42.0073
TA L21A  -107.3695 41.9641
TA L22A  -106.4338 42.031
TA L23A  -105.7012 42.1143
TA L24A  -104.9326 42.0432
TA LAVA  -120.7395 38.7552
TA M01C  -124.1221 41.8473
TA M02C  -122.8538 41.392
TA M03C  -122.122 41.2742
TA M04C  -121.8393 41.7826
TA M05C  -121.1457 41.3593
TA M06C  -120.4772 41.2047
TA M07A  -119.1711 41.3884
TA M08A  -118.3792 41.4483
TA M09A  -117.4497 41.423
TA M10A  -116.5396 41.522
TA M11A  -115.7912 41.4311
TA M12A  -114.9151 41.4157
TA M13A  -114.1655 41.3602
TA M14A  -113.3471 41.503
TA M15A  -112.4477 41.4632
TA M16A  -111.6298 41.3146
TA M17A  -110.6664 41.4729
TA M18A  -110.0674 41.4272
TA M19A  -109.1569 41.5047
TA M20A  -108.1865 41.4906
TA M21A  -107.3635 41.6067
TA M22A  -106.5958 41.4033
TA M23A  -105.7221 41.468
TA M24A  -104.8248 41.4676
TA MDND  -99.6029 47.8481
TA MSTX  -102.7724 33.9696
TA N02C  -123.3057 40.822
TA N06A  -119.8346 40.7484
TA N07B  -118.9711 40.7797
TA N08A  -118.1337 40.7811
TA N09A  -117.5244 40.852
TA N10A  -116.508 40.7186
TA N11A  -115.736 40.8167
TA N12A  -115.0387 40.8522
TA N13A  -114.2045 40.8556
TA N14A  -113.1867 40.8513
TA N15A  -112.5201 40.8903
TA N16A  -111.437 40.8869
TA N17A  -110.8335 40.9425
TA N18A  -109.6731 40.9763
TA N19A  -109.1772 40.8936
TA N20A  -108.2626 40.8338
TA N21A  -107.5196 40.76
TA N22A  -106.4544 40.8023
TA N23A  -105.944 40.8947
TA N24A  -104.8824 40.8271
TA N25A  -104.0873 40.8132
TA O01C  -123.8195 40.1398
TA O02C  -122.7883 40.1767
TA O03C  -122.0319 39.9971
TA O04C  -121.086 40.32
TA O05C  -120.9176 39.962
TA O06A  -119.8275 40.165
TA O07A  -118.8772 40.1614
TA O08A  -118.155 40.2903
TA O09A  -117.1899 40.1697
TA O10A  -116.4999 40.2917
TA O11A  -115.657 40.1313
TA O12A  -114.7454 40.2679
TA O13A  -113.9814 40.1314
TA O15A  -112.4694 40.2807
TA O16A  -111.5024 40.2067
TA O17A  -110.7378 40.1948
TA O18A  -110.0082 40.2655
TA O19A  -109.1236 40.2982
TA O20A  -108.2416 40.1348
TA O21A  -107.4705 40.2149
TA O22A  -106.547 40.1618
TA O23A  -105.9178 40.2109
TA O24A  -105.0729 40.1227
TA O25A  -104.1201 40.1129
TA P01C  -123.3375 39.469
TA P05C  -120.6077 39.3028
TA P06A  -119.8983 39.6785
TA P07A  -118.8893 39.5399
TA P08A  -118.08 39.6946
TA P09A  -117.1395 39.5516
TA P10A  -116.4639 39.6202
TA P11A  -115.7536 39.553
TA P12A  -114.9075 39.4731
TA P13A  -114.0156 39.455
TA P14A  -113.0687 39.5906
TA P15A  -112.2786 39.5708
TA P16A  -111.6595 39.6092
TA P17A  -110.74 39.473
TA P18A  -110.2457 39.6279
TA P19A  -108.9812 39.6333
TA P20A  -108.3912 39.4998
TA P21A  -107.4493 39.524
TA P22A  -106.7589 39.5952
TA P23A  -105.8388 39.3741
TA P24A  -104.9082 39.5144
TA P25A  -104.168 39.5125
TA Q03C  -122.0145 38.6333
TA Q04C  -121.3769 38.839
TA Q07A  -118.8078 38.9383
TA Q08A  -117.9316 38.8606
TA Q09A  -117.1816 38.834
TA Q10A  -116.3999 38.8247
TA Q11A  -115.6541 38.8455
TA Q12A  -114.8299 39.04
TA Q13A  -114.0202 38.9551
TA Q14A  -113.2769 38.9882
TA Q15A  -112.3793 38.9995
TA Q16A  -111.1716 38.9176
TA Q18A  -110.1328 39.1025
TA Q19A  -109.263 38.9553
TA Q20A  -108.2956 38.9541
TA Q21A  -107.5738 38.8347
TA Q22A  -106.9096 38.8627
TA Q23A  -105.8337 38.9045
TA Q24A  -105.1492 38.9641
TA Q25A  -104.2472 38.9145
TA R04C  -120.9363 38.2571
TA R05C  -120.0755 38.7028
TA R06C  -119.4509 38.5226
TA R07C  -119.0469 38.089
TA R08A  -118.1064 38.3489
TA R09A  -117.0718 38.2397
TA R10A  -116.3021 38.2886
TA R11A  -115.5854 38.3489
TA R12A  -114.6076 38.3281
TA R13A  -113.9691 38.1802
TA R14A  -113.0213 38.2987
TA R15A  -112.2767 38.2108
TA R16A  -111.4827 38.2843
TA R17A  -110.7109 38.4187
TA R18A  -109.8942 38.3862
TA R19A  -109.2607 38.2916
TA R20A  -108.3792 38.1888
TA R21A  -107.5501 38.3685
TA R22A  -106.7561 38.2289
TA R24A  -105.1075 38.2315
TA R25A  -104.2834 38.1474
TA S04C  -121.3278 37.5049
TA S05C  -120.3296 37.346
TA S06C  -119.8488 37.8817
TA S08C  -118.1711 37.4993
TA S09A  -117.2246 37.7243
TA S10A  -116.5948 37.923
TA S11A  -115.7472 37.6444
TA S12A  -114.8489 37.6083
TA S13A  -113.8604 37.5808
TA S14A  -113.1684 37.7601
TA S15A  -112.3627 37.6761
TA S16A  -111.5961 37.7222
TA S17A  -110.8018 37.6354
TA S18A  -109.9948 37.6903
TA S19A  -109.1366 37.7459
TA S20A  -108.3605 37.83
TA S21A  -107.7917 37.662
TA S22A  -106.8293 37.7461
TA S23A  -106.0023 37.7059
TA S24A  -105.2126 37.6407
TA S25A  -104.4349 37.6606
TA SFIN  -87.0967 40.379
TA SPMN  -92.8037 45.2246
TA SUTB  -121.7861 39.2291
TA T05C  -120.6737 36.8953
TA T06C  -119.7089 37.0069
TA T11A  -115.2202 37.2408
TA T12A  -114.7147 36.7256
TA T13A  -113.9073 37.0195
TA T14A  -113.084 37.0615
TA T15A  -112.3824 37.0183
TA T16A  -111.506 36.9839
TA T17A  -110.8041 36.9969
TA T18A  -109.8741 37.1364
TA T19A  -109.0249 36.8299
TA T21A  -107.5342 36.9914
TA T22A  -106.903 37.0138
TA T23A  -106.0372 37.0361
TA T24A  -105.0521 37.0738
TA T25A  -104.4108 37.1388
TA U04C  -120.7828 36.3627
TA U05C  -120.1205 36.3356
TA U10A  -116.3297 36.4193
TA U11A  -115.3835 36.423
TA U12A  -114.5388 36.4321
TA U13A  -113.9653 36.4151
TA U14A  -113.1805 36.4182
TA U15A  -112.2915 36.428
TA U16A  -111.1297 36.1428
TA U17A  -110.6624 36.5996
TA U18A  -109.8696 36.4199
TA U19A  -109.2076 36.2925
TA U20A  -108.5204 36.3758
TA U21A  -107.6578 36.4277
TA U22A  -106.8546 36.3773
TA U23A  -106.1919 36.3289
TA U24A  -105.2784 36.4093
TA U25A  -104.4081 36.3998
TA U26A  -103.7439 36.3945
TA V03C  -121.2356 36.0214
TA V04C  -120.8699 35.636
TA V05C  -119.9028 35.8667
TA V11A  -115.4305 35.8384
TA V12A  -114.8511 35.7266
TA V13A  -113.984 35.8522
TA V14A  -113.1053 35.6339
TA V15A  -112.1731 35.8191
TA V17A  -110.7938 35.6218
TA V18A  -109.9327 35.7113
TA V19A  -109.0456 35.7147
TA V20A  -108.4662 35.7992
TA V21A  -107.6378 35.8054
TA V22A  -106.9094 35.9138
TA V23A  -106.1833 35.7452
TA V24A  -105.2716 35.7259
TA V25A  -104.6164 35.8383
TA V26A  -103.786 35.7964
TA W12A  -114.8701 35.301
TA W13A  -113.8854 35.099
TA W14A  -113.0834 35.2127
TA W15A  -112.2666 35.1787
TA W16A  -111.5318 35.0951
TA W17A  -110.7127 35.0789
TA W18A  -109.7357 35.1181
TA W19A  -109.3879 35.1118
TA W20A  -108.5001 35.1259
TA W21A  -107.6476 35.117
TA W22A  -106.8674 35.0719
TA W23A  -106.1503 35.1605
TA W24A  -105.4075 35.2106
TA W25A  -104.4606 35.2177
TA W26A  -103.7656 35.0891
TA W27A  -103.0627 35.0637
TA X13A  -113.8302 34.5935
TA X14A  -112.8906 34.4692
TA X15A  -112.2368 34.4866
TA X16A  -111.4411 34.4178
TA X17A  -110.8058 34.3371
TA X18A  -109.9501 34.5293
TA X19A  -109.2901 34.4275
TA X20A  -108.498 34.5421
TA X21A  -107.7857 34.4457
TA X22A  -107.0102 34.5058
TA X23A  -106.1881 34.581
TA X24A  -105.4349 34.5646
TA X25A  -104.6621 34.5271
TA X26A  -103.8103 34.5508
TA X27A  -103.0974 34.6469
TA Y12C  -114.5238 33.7503
TA Y13A  -113.8287 33.8142
TA Y14A  -113.0048 33.9383
TA Y15A  -112.3331 33.9535
TA Y16A  -111.4783 33.8798
TA Y17A  -110.8444 33.6953
TA Y18A  -110.0341 33.7776
TA Y19A  -109.2541 33.9571
TA Y20A  -108.3769 33.9085
TA Y21A  -107.674 34.0087
TA Y22A  -106.9652 33.937
TA Y22C  -106.9211 34.0741
TA Y22D  -106.921 34.0739
TA Y23A  -106.0549 33.9315
TA Y24A  -105.4361 33.9257
TA Y25A  -104.6928 33.9229
TA Y26A  -103.8246 33.9232
TA Y27A  -103.1633 33.8839
TA Z13A  -113.6568 33.1999
TA Z14A  -112.9458 33.3627
TA Z15A  -112.1581 33.2893
TA Z16A  -111.4273 33.341
TA Z17A  -110.4723 33.2969
TA Z18A  -110.0362 33.0851
TA Z19A  -109.2657 33.2921
TA Z20A  -108.5922 33.1132
TA Z21A  -107.6712 33.3086
TA Z22A  -106.9639 33.2555
TA Z23A  -106.2319 33.2621
TA Z24A  -105.3649 33.3298
TA Z25A  -104.7171 33.2797
TA Z26A  -103.9798 33.2716
TA Z27A  -103.2145 33.315
US AAM  -83.6567 42.3012
US ACSO  -82.982 40.2319
US AGMN  -95.8619 48.2977
US AMTX  -101.6808 34.8837
US BINY  -75.9861 42.1993
US BLA  -80.42049 37.2113
US BMO  -117.306 44.8525
US BOZ  -111.6297 45.59697
US BRAL  -87.0506 31.1687
US BW06  -109.5583 42.7667
US CBKS  -99.7374 38.814
US CBN  -77.3732 38.2046
US CNNC  -77.8901 35.2393
US COWI  -89.1369 46.1003
US DGMT  -104.1959 48.4702
US DUG  -112.8133 40.195
US ECSD  -96.6141 43.7337
US EGAK  -141.1581 64.7774
US EGMT  -109.7547 48.024
US ERPA  -79.9891 42.1175
US EYMN  -91.4953 47.9462
US GLMI  -84.6175 44.8245
US GOGA  -83.4666 33.4112
US HAWA  -119.5327 46.3925
US HDIL  -89.294 40.5559
US HLID  -114.4138 43.5625
US ISCO  -105.6134 39.7997
US JCT  -99.8022 30.4794
US JFWS  -90.2481 42.9142
US KSU1  -96.6094 39.1009
US KVTX  -97.8929 27.5459
US LAO  -106.2231 46.6885
US LBNH  -71.9259 44.2401
US LONY  -74.5829 44.6197
US LRAL  -86.9978 33.0348
US LTX  -103.6669 29.3339
US MCWV  -79.8456 39.6581
US MIAR  -93.5765 34.5454
US MNTX  -105.3821 31.6985
US MSO  -113.9406 46.8292
US MVCO  -108.4986 37.2103
US NATX  -94.661 31.7598
US NEW  -117.1227 48.2642
US NHSC  -80.1778 33.1067
US NLWA  -123.8691 47.3917
US OGNE  -102.033 40.9451
US OXF  -89.4092 34.5118
US PKME  -69.2917 45.2644
US RLMT  -109.2673 45.1221
US SCIA  -93.2153 41.9069
US SDCO  -105.5012 37.7456
US TPNV  -116.2495 36.9488
US TZTN  -83.549 36.5439
US VBMS  -90.51767 32.21851
US WMOK  -98.7807 34.7379
US WRAK  -132.3466 56.4191
US WUAZ  -111.3739 35.5169
US WVOR  -118.6367 42.4339
XA ALP0  -123.4074 44.3377
XA ALS0  -123.5952 44.4104
XA BWO0  -123.5665 44.612
XA MAP0  -123.8298 44.0035
XA TOL0  -123.9997 44.6764
XA YAC0  -124.0932 44.2982
XA YAC1  -124.0884 44.2975
XE SNP11  -119.312 36.6992
XE SNP12  -119.0399 36.9126
XE SNP14  -118.7742 37.1396
XE SNP15  -118.5994 37.2781
XE SNP16  -118.2554 37.3502
XE SNP21  -119.5131 36.8202
XE SNP22  -119.3602 37.0105
XE SNP23  -119.2141 37.1234
XE SNP24  -118.9725 37.2801
XE SNP25  -118.7045 37.3593
XE SNP26  -118.4875 37.5718
XE SNP27  -118.3516 37.6599
XE SNP28  -118.1573 37.8964
XE SNP34  -119.0627 37.3909
XE SNP36  -118.6468 37.6832
XE SNP37  -118.5456 37.8168
XE SNP38  -118.3528 38.0514
XE SNP42  -119.5783 37.2463
XE SNP43  -119.4845 37.4129
XE SNP44  -119.2791 37.5003
XE SNP45  -119.0827 37.6826
XE SNP46  -118.9018 37.7834
XE SNP47  -118.7292 37.98
XE SNP48  -118.5585 38.1693
XE SNP51  -120.0581 37.2529
XE SNP52  -119.8147 37.3426
XE SNP53  -119.6748 37.5138
XE SNP54  -119.5125 37.7358
XE SNP55  -119.3325 37.8796
XE SNP56  -119.1693 37.9739
XE SNP57  -118.9667 38.1434
XE SNP62  -120.0046 37.5882
XE SNP63  -119.8067 37.7227
XE SNP64  -119.6469 37.8652
XE SNP65  -119.5108 38.0002
XE SNP66  -119.3412 38.18
XE SNP67  -119.1479 38.2827
XE SNP71  -120.4038 37.642
XE SNP73  -120.1116 37.8233
XE SNP74  -119.9318 37.9854
XE SNP75  -119.6966 38.1282
XE SNP76  -119.5137 38.3617
XE SNP84  -120.1465 38.1562
XE SNP85  -119.9537 38.2848
XE SNP86  -119.8069 38.4927
XE SNP87  -119.6114 38.6816
XE SNP93  -120.6046 38.1526
XE SNP95  -120.2526 38.3331
XE SNP96  -120.0422 38.4751
XE SNP97  -119.8058 38.809
XE SNP98  -119.4167 38.9177
XE SNPA3  -120.7091 38.3823
XE SNPA4  -120.535 38.5018
XE SNPA5  -120.3256 38.642
XE SNPA7  -119.8949 39.0081
XE SNPB3  -120.9911 38.5619
XE SNPB5  -120.5452 38.8341
XE SNPB6  -120.2653 38.8837
XE SNPB7  -120.1548 39.0516
XE SNPB9  -119.5914 39.3597
XE SNPC3  -121.1962 38.7028
XE SNPC4  -120.9501 38.8484
XE SNPC5  -120.7534 39.0278
XE SNPC6  -120.4657 39.0889
XE SNPC7  -120.388 39.3147
XE SNPD4  -121.1699 39.0373
XE SNPD5  -120.9313 39.1942
XE SNPD7  -120.5758 39.6248
XE SNPD8  -120.2246 39.6502
XE SNPD9  -120.0095 39.8259
XE SNPE4  -121.3469 39.2362
XE SNPE5  -121.1626 39.3837
XE SNPE6  -120.8459 39.4782
XE SNPE7  -120.7136 39.8043
XE SNPE9  -120.1875 40.025
XE SNPF6  -121.0913 39.6818
XE SNPF8  -120.6412 40.0112
XE SNPF9  -120.3973 40.1808
XE SNPG5  -121.527 39.719
XE SNPG7  -121.1723 40.1095
XE YOS01  -119.7832 37.7511
XE YOS02  -119.758 37.7731
XE YOS03  -119.7324 37.789
XE YOS04  -119.7103 37.82
XE YOS05  -119.6895 37.8389
XE YOS06  -119.6146 37.8508
XE YOS07  -119.58 37.8139
XE YOS08  -119.5452 37.807
XE YOS09  -119.5006 37.8154
XE YOS10  -119.4401 37.8548
XE YOS11  -119.4033 37.8807
XQ ME01  -123.4034 41.7752
XQ ME02  -122.3372 41.6898
XQ ME03  -123.881 41.702
XQ ME04  -123.514 41.355
XQ ME05  -122.052 41.526
XQ ME06  -121.695 41.342
XQ ME07  -123.912 41.168
XQ ME08  -123.305 40.222
XQ ME09  -122.726 41.086
XQ ME10  -122.4619 40.9591
XQ ME11  -121.37 41.056
XQ ME12  -122.498 40.104
XQ ME13  -122.918 40.764
XQ ME14  -121.896 41.006
XQ ME14A  -121.8966 41.0076
XQ ME15  -121.684 40.81
XQ ME16  -122.087 40.577
XQ ME17  -121.722 40.536
XQ ME18  -121.022 40.729
XQ ME20  -120.984 40.477
XQ ME21  -121.2376 40.3487
XQ ME23  -121.455 40.396
XQ ME24  -122.047 40.359
XQ ME25  -121.802 40.295
XQ ME26  -122.099 40.157
XQ ME27  -123.155 40.453
XQ ME28  -122.471 40.327
XQ ME29  -123.1408 41.142
XQ ME30  -123.565 40.843
XQ ME31  -123.947 40.722
XQ ME32  -123.859 40.5907
XQ ME33  -123.802 40.483
XQ ME34  -124.127 40.483
XQ ME35  -123.748 40.483
XQ ME36  -124.1638 40.2482
XQ ME37  -123.654 40.285
XQ ME38  -123.5032 40.101
XQ ME39  -123.5943 40.1882
XQ ME41  -123.361 39.885
XQ ME42  -123.273 39.7145
XQ ME43  -123.175 39.5703
XQ ME44  -123.187 39.4928
XQ ME45  -122.9595 39.4666
XQ ME46  -122.968 39.196
XQ ME47  -122.8106 39.1124
XQ ME48  -122.7603 38.9063
XQ ME49  -123.7194 39.8633
XQ ME50  -123.475 39.622
XQ ME52  -123.2191 39.3228
XQ ME53  -123.5934 39.2229
XQ ME54  -123.3779 39.0132
XQ ME55  -123.0762 38.6639
XQ ME57  -122.5676 39.9118
XQ ME59  -121.833 39.83
XQ ME60  -121.5364 39.949
XQ ME61  -122.296 39.532
XQ ME62  -121.919 39.534
XQ ME63  -122.5224 39.3154
XQ ME64  -122.1552 39.2751
XQ ME65  -122.1416 39.0049
XQ ME80  -120.6017 40.3453
XQ ME81  -121.1723 40.1096
XQ ME82  -121.527 39.719
XQ ME83  -120.3973 40.1808
XQ ME84  -120.1875 40.025
XQ ME85  -120.6412 40.0112
XQ ME86  -120.7136 39.8043
XQ ME87  -121.0913 39.6818
XQ ME88  -121.3469 39.2362
XQ ME89  -121.1626 39.3837
XQ ME90  -120.8459 39.4782
XQ ME91  -120.2246 39.6502
XQ ME92  -120.0408 39.4725
XQ ME93  -120.1548 39.0516
XR SC05  -105.0554 34.5715
XR SC06  -104.2664 34.5145
XR SC07  -105.6877 34.1838
XR SC08  -105.4697 34.1567
XR SC09  -105.0013 34.1517
XR SC10  -104.6666 34.1937
XR SC11  -104.2959 34.2323
XR SC12  -103.9116 34.2148
XR SC13  -103.5269 34.2135
XR SC14  -105.7695 33.9682
XR SC15  -105.0255 33.8308
XR SC16  -104.3043 33.8903
XR SC17  -103.5446 33.893
XR SC18  -102.8409 33.8774
XR SC20  -105.5935 33.6042
XR SC21  -105.1655 33.5975
XR SC23  -104.3282 33.5995
XR SC25  -103.5482 33.5806
XR SC26  -103.1184 33.5044
XR SC27  -102.8207 33.5385
XR SC28  -102.4915 33.5662
XR SC29  -105.6705 33.3102
XR SC31  -104.3415 33.259
XR SC32  -103.5979 33.1939
XR SC33  -102.8343 33.2334
XR SC34  -105.8163 32.9513
XR SC35  -105.5153 32.9369
XR SC36  -105.18 33.0053
XR SC37  -104.6192 32.937
XR SC38  -104.3402 32.9288
XR SC39  -103.8453 33.0286
XR SC40  -103.54 32.9317
XR SC41  -103.2056 32.9833
XR SC42  -102.8612 32.8728
XR SC43  -102.5369 32.9426
XR SC44  -105.947 32.7572
XR SC45  -105.1552 32.6337
XR SC46  -104.3614 32.654
XR SC47  -103.6257 32.629
XR SC48  -102.905 32.6899
XR SC49  -106.064 32.443
XR SC51  -105.1718 32.3673
XR SC52  -104.8272 32.488
XR SC53  -104.3192 32.3766
XR SC54  -104.0398 32.2837
XR SC55  -103.6733 32.1712
XR SC56  -103.3986 32.3554
XR SC57  -102.8513 32.3691
XR SC58  -102.5482 32.2888
XR SC59  -105.1481 31.9694
XR SC60  -104.4877 32.0937
XR SC61  -103.6911 31.9895
XR SC62  -102.9373 32.0119
XR SC63  -104.8464 31.8029
XR SC64  -104.4258 31.6996
XR SC65  -104.0178 31.727
XR SC66  -103.7363 31.6679
XR SC67  -103.3951 31.7051
XR SC68  -102.77 31.8027
XR SC69  -102.588 31.6905
XR SC70  -103.7374 31.3663
XR SC72  -103.6346 31.1096
XR SC73  -102.9875 30.9611
XR SC74  -102.6771 31.0024
XR SC75  -105.952 31.8742
YW FAC1  -123.6367 45.0404
YW FAC3  -122.4613 44.407
YW FACA  -122.0629 47.8634
YW FACB  -122.6464 47.8872
YW FACC  -122.5795 47.4009
YW FACD  -122.8521 46.6619
YW FACF  -122.7762 46.3316
YW FACG  -123.1758 46.0753
YW FACH  -123.2158 45.8811
YW FACI  -122.4586 45.7151
YW FACJ  -123.2893 45.296
YW FACK  -123.0729 44.8384
YW FACL  -123.0198 44.1399
YW FACM  -122.4473 43.7824
YW FACN  -123.3493 43.6971
YW FACO  -123.8068 43.5362
YW FACP  -124.0854 43.2143
YW FACQ  -124.0596 42.9094
YW FACR  -123.1211 43.4344
YW FACS  -123.372 42.7859
YW FACT  -124.0665 42.5575
YW FACU  -122.8272 42.2556
YW FACV  -123.6018 42.156
ZG W01  -115.95 44.921
ZG W02  -116.14 44.932
ZG W03  -116.399 44.991
ZG W04  -116.664 45.045
ZG W05  -116.836 45.128
ZG W06  -117.034 45.164
ZG W07  -117.375 45.25
ZG W08  -117.359 45.427
ZG W09  -117.807 45.504
ZG W10  -117.681 45.64
ZG W11  -117.548 45.805
ZG W12  -117.464 45.953
ZG W13  -117.379 46.122
ZG W14  -117.499 46.269
ZG W15  -117.548 46.375
ZG W16  -117.644 46.512
ZG W17  -117.719 46.62
ZG W18  -117.1916 45.009
ZG W19  -117.506 44.8448
ZG W20  -117.924 44.538
ZG W21  -117.3839 46.724
ZG W22  -118.0727 46.7893
ZG W23  -117.7597 46.9657
ZG W24  -118.0822 45.541
ZG W25  -118.4009 45.6604
ZG W26  -119.0871 46.0184
ZG W27  -119.3958 46.1716
ZG W28  -117.0982 45.5303
ZG W29  -116.8515 45.6501
ZG W30  -116.3647 45.8019
