# [ minfo = 110.00  50.00  -30.00  20.00   245.0000 41.0000   0.0000 ]
wtype per  rmsG L1G rchisG  rmsP L1P rchisP  rmsA L1A rchisA
R 10.0000  6.4129 5.3421 2.7425  2.5337 2.1131 4.2754  35825.7969 28687.3340 0.7402
R 16.0000  8.7143 7.7059 5.5346  4.0951 3.4311 12.0751  27233.7559 24272.4512 2.5025
R 22.0000  15.3112 14.2494 15.6229  6.5782 5.7225 26.5242  10857.9775 9972.4951 2.6436
R 30.0000  19.2800 15.2294 10.5699  8.6736 7.7956 33.3685  2688.2920 2167.5222 1.2759
R 40.0000  9.4996 7.4083 5.6180  10.8717 8.5829 52.4489  3589.9468 2662.5222 8.0158
L 10.0000  14.9451 11.6392 3.5801  1.2659 1.0263 0.4070  141949.9219 117873.6562 2.8767
L 16.0000  5.4396 4.6318 0.9042  4.6012 4.1243 15.3176  81997.2656 64767.7773 4.2015
L 22.0000  5.2556 4.2176 0.9208  5.8622 5.0207 20.6796  48741.0391 38643.6445 4.9547
L 30.0000  5.9052 4.5001 1.0718  8.3165 7.3570 39.8659  23005.8555 18298.8223 4.6684
L 40.0000  6.2894 4.5976 1.2393  10.6971 9.1637 52.8680  10499.7168 8499.2539 4.9027
### chiS=6031.33 Ndata=534 at (110.00  50.00  -30.00  20.00   245.0000 41.0000   0.0000) ###
# [ minfo =  34.88  51.45  -86.99   7.66   245.1722 41.1863   0.4999 ]
wtype per  rmsG L1G rchisG  rmsP L1P rchisP  rmsA L1A rchisA
R 10.0000  3.7365 3.2970 0.9462  2.8239 2.4415 5.2658  48988.3047 40761.0273 1.1097
R 16.0000  3.2942 2.5436 0.7806  3.3536 2.8470 8.1978  3118.6477 2554.3672 0.1392
R 22.0000  10.1298 7.4060 2.4081  4.2773 3.7282 11.5844  2785.6123 2252.3513 0.9790
R 30.0000  11.2478 8.2592 2.8554  4.6743 4.1628 9.4323  1331.4639 1096.6747 1.2519
R 40.0000  6.2956 5.0750 1.4245  3.2682 2.9498 6.5556  1241.9187 1014.3057 0.8443
L 10.0000  12.5065 10.4784 2.4375  2.8084 2.5757 4.4825  67670.8672 48246.2109 0.4871
L 16.0000  1.6311 1.1548 0.0850  3.4375 3.2589 8.5683  17531.4629 14944.0908 0.6065
L 22.0000  2.1883 1.6572 0.1513  3.2570 3.0519 8.0393  8946.0293 7508.2256 0.6948
L 30.0000  3.1725 2.6403 0.2692  3.9868 3.7338 10.6554  2549.5547 2049.7246 0.3912
L 40.0000  3.8209 3.0579 0.4471  5.7938 5.3373 17.7153  1492.7787 1260.7473 0.5610
# [ minfo =  28.57  51.69  -91.29   7.92   245.1712 41.1585  -2.8712 ]
wtype per  rmsG L1G rchisG  rmsP L1P rchisP  rmsA L1A rchisA
R 10.0000  1.7726 1.4102 0.2212  0.8822 0.6686 0.4890  52560.5781 42134.1914 1.1833
R 16.0000  1.8831 1.5957 0.2505  0.8699 0.6866 0.6011  3273.0012 2586.2808 0.1262
R 22.0000  8.0120 5.9630 1.9635  1.6242 1.0424 0.7356  2310.1245 1973.5122 0.6518
R 30.0000  8.9624 6.0106 1.5906  2.6675 1.7156 2.0453  1370.2526 1058.5336 3.4058
R 40.0000  5.4194 2.8809 0.7190  2.2972 1.4745 1.4612  1356.5460 1086.6987 0.8371
L 10.0000  10.3432 7.5404 1.5581  0.6969 0.5224 0.2915  86217.3594 56099.4219 0.5333
L 16.0000  2.9396 2.6456 0.2921  0.7520 0.5686 0.3455  14554.2266 10857.1260 0.6047
L 22.0000  5.0987 4.7178 0.8698  0.9552 0.6271 0.4548  6694.6089 5517.9487 0.6086
L 30.0000  6.4192 6.0474 1.1903  1.1566 0.9053 0.7316  2106.6086 1618.6708 0.2276
L 40.0000  7.1335 6.2928 1.3664  2.5148 2.0833 2.7752  1609.9728 1230.8190 0.5436
# [ minfo =  28.57  51.69  -91.29   7.92   245.1675 41.1564  -2.8593 ]
wtype per  rmsG L1G rchisG  rmsP L1P rchisP  rmsA L1A rchisA
R 10.0000  1.7412 1.3990 0.2132  0.8430 0.6497 0.4436  52566.0039 42134.1367 1.1834
R 16.0000  1.8542 1.5577 0.2411  0.8451 0.6715 0.5716  3272.4907 2588.0176 0.1261
R 22.0000  8.0197 5.9502 1.9614  1.6190 1.0435 0.7534  2314.4937 1977.2572 0.6531
R 30.0000  8.9639 6.0214 1.6025  2.6664 1.7178 2.0324  1362.1128 1054.7852 3.4006
R 40.0000  5.4066 2.9071 0.7180  2.2698 1.4584 1.4455  1357.6492 1087.4880 0.8373
L 10.0000  10.3991 7.6037 1.5739  0.6825 0.5149 0.2782  86271.7891 56192.7188 0.5339
L 16.0000  2.9230 2.6228 0.2897  0.7464 0.5562 0.3326  14487.5029 10668.1670 0.6001
L 22.0000  5.0826 4.7057 0.8644  0.9477 0.6119 0.4483  6693.2207 5512.6167 0.6046
L 30.0000  6.3985 6.0368 1.1838  1.1550 0.9093 0.7305  2110.0881 1622.3413 0.2277
L 40.0000  7.1086 6.2815 1.3559  2.5341 2.1044 2.7919  1611.4752 1231.1696 0.5440
