

search#   0 (T=0, tid= 0):	minfo = (110.00  50.00  -30.00  20.00   245.0000 41.0000   0.0000)	N = 90	E = 13.8891 (accepted)
search#   3 (T=0.0000, tid=10):	minfo = (110.00  50.00  -30.00  20.00   245.0184 41.0618   0.3027)	N = 90	E = 10.6674 (accepted)
search#   6 (T=0.0000, tid= 1):	minfo = (110.00  50.00  -30.00  20.00   245.0041 41.0189   0.6833)	N = 90	E = 12.6501 (accepted)
search#   8 (T=0.0000, tid= 4):	minfo = (110.00  50.00  -30.00  20.00   244.9801 41.0556  -0.7659)	N = 90	E = 12.4726 (accepted)
search#  10 (T=0.0000, tid= 7):	minfo = (110.00  50.00  -30.00  20.00   244.9793 41.0209   0.1211)	N = 90	E = 13.3772 (accepted)
search#  21 (T=0.0000, tid= 3):	minfo = (110.00  50.00  -30.00  20.00   245.0587 41.1010  -0.1724)	N = 90	E = 8.7680 (accepted)
search#  36 (T=0.0000, tid= 2):	minfo = (110.00  50.00  -30.00  20.00   245.0776 41.1232  -0.2649)	N = 90	E = 8.1934 (accepted)
search#  43 (T=0.0000, tid= 1):	minfo = (110.00  50.00  -30.00  20.00   245.0669 41.1358   0.4317)	N = 90	E = 7.7829 (accepted)
search#  48 (T=0.0000, tid= 3):	minfo = (110.00  50.00  -30.00  20.00   245.1229 41.1302  -0.1080)	N = 90	E = 7.1608 (accepted)
search#  60 (T=0.0000, tid= 3):	minfo = (110.00  50.00  -30.00  20.00   245.1723 41.1716  -0.6313)	N = 90	E = 6.7840 (accepted)
search#  73 (T=0.0000, tid= 0):	minfo = (110.00  50.00  -30.00  20.00   245.1730 41.1904  -0.4486)	N = 90	E = 6.6489 (accepted)
search#  85 (T=0.0000, tid= 0):	minfo = (110.00  50.00  -30.00  20.00   245.1507 41.1790   1.0743)	N = 90	E = 6.6123 (accepted)
search#  94 (T=0.0000, tid= 2):	minfo = (110.00  50.00  -30.00  20.00   245.1554 41.1853   0.0488)	N = 90	E = 6.4365 (accepted)
search#  98 (T=0.0000, tid= 9):	minfo = (110.00  50.00  -30.00  20.00   245.1624 41.1728   0.3608)	N = 90	E = 6.3922 (accepted)
search#  99 (T=0.0000, tid=11):	minfo = (110.00  50.00  -30.00  20.00   245.1666 41.1921   0.3165)	N = 90	E = 6.3500 (accepted)
search# 104 (T=0.0000, tid= 5):	minfo = (110.00  50.00  -30.00  20.00   245.1709 41.1953   0.3196)	N = 90	E = 6.3567 (accepted)
search# 118 (T=0.0000, tid= 3):	minfo = (110.00  50.00  -30.00  20.00   245.1668 41.1923   0.3811)	N = 90	E = 6.3387 (accepted)
search# 286 (T=0.0000, tid= 2):	minfo = (110.00  50.00  -30.00  20.00   245.1722 41.1863   0.4999)	N = 90	E = 6.3208 (accepted)


search#   0 (T=0, tid= 0):	minfo = ( 34.88  51.45  -86.99   7.66   245.1722 41.1863   0.4999)	N = 528	E = 192.3867 (accepted)
search#   1 (T=0.0000, tid= 0):	minfo = ( 34.88  51.45  -86.99   7.66   245.1598 41.2255  -0.5345)	N = 528	E = 150.2504 (accepted)
search#   4 (T=0.0000, tid= 6):	minfo = ( 34.88  51.45  -86.99   7.66   245.1885 41.1839  -0.3074)	N = 528	E = 139.4275 (accepted)
search#  14 (T=0.0000, tid= 9):	minfo = ( 34.88  51.45  -86.99   7.66   245.1508 41.1848  -0.9345)	N = 528	E = 104.3346 (accepted)
search#  29 (T=0.0000, tid= 4):	minfo = ( 34.88  51.45  -86.99   7.66   245.1196 41.1784  -2.1455)	N = 528	E = 68.9567 (accepted)
search#  41 (T=0.0000, tid=10):	minfo = ( 34.88  51.45  -86.99   7.66   245.1461 41.1695  -1.8905)	N = 528	E = 66.0337 (accepted)
search#  47 (T=0.0000, tid= 3):	minfo = ( 34.88  51.45  -86.99   7.66   245.1441 41.1796  -2.9520)	N = 528	E = 58.1227 (accepted)
search#  61 (T=0.0000, tid= 0):	minfo = ( 34.88  51.45  -86.99   7.66   245.1953 41.1550  -3.3317)	N = 528	E = 58.0532 (accepted)
search#  64 (T=0.0000, tid=10):	minfo = ( 34.88  51.45  -86.99   7.66   245.1770 41.1769  -3.1440)	N = 528	E = 57.3505 (accepted)
search#  66 (T=0.0000, tid=11):	minfo = ( 34.88  51.45  -86.99   7.66   245.1486 41.1433  -2.9280)	N = 528	E = 54.1138 (accepted)
search#  70 (T=0.0000, tid= 3):	minfo = ( 34.88  51.45  -86.99   7.66   245.1493 41.1490  -2.6420)	N = 528	E = 54.0931 (accepted)
search#  76 (T=0.0000, tid= 2):	minfo = ( 34.88  51.45  -86.99   7.66   245.1664 41.1619  -2.9080)	N = 528	E = 52.9820 (accepted)
search# 125 (T=0.0000, tid= 4):	minfo = ( 34.88  51.45  -86.99   7.66   245.1614 41.1506  -2.9468)	N = 528	E = 52.4196 (accepted)
search# 301 (T=0.0000, tid= 0):	minfo = ( 34.88  51.45  -86.99   7.66   245.1712 41.1585  -2.8712)	N = 528	E = 52.2736 (accepted)


search#   0 (T=0, tid= 0):	minfo = ( 28.57  51.69  -91.29   7.92   245.1712 41.1585  -2.8712)	N = 528	E = 49.6021 (accepted)
search#  23 (T=0.0000, tid= 5):	minfo = ( 28.57  51.69  -91.29   7.92   245.1675 41.1564  -2.8593)	N = 528	E = 49.3700 (accepted)
