# [ minfo = 110.00  50.00  -30.00  20.00   245.0000 41.0000   0.0000 ]
wtype per  rmsG L1G rchisG  rmsP L1P rchisP  rmsA L1A rchisA
R 10.0000  6.4129 5.3421 2.7425  2.5337 2.1131 4.2754  35825.7969 28687.3340 0.7402
R 16.0000  8.7143 7.7059 5.5346  4.0951 3.4311 12.0751  27233.7559 24272.4512 2.5025
R 22.0000  15.3112 14.2494 15.6229  6.5782 5.7225 26.5242  10857.9775 9972.4951 2.6436
R 30.0000  19.2800 15.2294 10.5699  8.6736 7.7956 33.3685  2688.2920 2167.5222 1.2759
R 40.0000  9.4996 7.4083 5.6180  10.8717 8.5829 52.4489  3589.9468 2662.5222 8.0158
L 10.0000  14.9451 11.6392 3.5801  1.2659 1.0263 0.4070  141949.9219 117873.6562 2.8767
L 16.0000  5.4396 4.6318 0.9042  4.6012 4.1243 15.3176  81997.2656 64767.7773 4.2015
L 22.0000  5.2556 4.2176 0.9208  5.8622 5.0207 20.6796  48741.0391 38643.6445 4.9547
L 30.0000  5.9052 4.5001 1.0718  8.3165 7.3570 39.8659  23005.8555 18298.8223 4.6684
L 40.0000  6.2894 4.5976 1.2393  10.6971 9.1637 52.8680  10499.7168 8499.2539 4.9027
### chiS=3179.08 Ndata=264 at (110.00  50.00  -30.00  20.00   245.0000 41.0000   0.0000) ###
# [ minfo = 187.28  26.30 -103.20   8.62   245.1766 41.1862   0.3129 ]
wtype per  rmsG L1G rchisG  rmsP L1P rchisP  rmsA L1A rchisA
R 10.0000  3.6817 3.2267 0.9031  2.9243 2.5499 5.8203  71508.2969 56881.4219 1.4157
R 16.0000  4.8278 4.0422 1.7189  3.1477 2.7144 7.3596  21468.4336 17125.3711 1.7684
R 22.0000  7.4961 6.3111 2.8109  3.7462 3.4010 8.8696  4369.2046 3824.1221 0.9254
R 30.0000  8.4709 6.5480 2.0865  4.7569 3.4228 11.3091  2510.7700 1891.7153 1.6682
R 40.0000  6.6486 4.9237 2.1882  4.1041 2.8888 12.1515  2997.1218 2344.3196 5.4763
L 10.0000  12.6661 10.5156 2.3627  2.4168 2.0958 2.9025  127990.5078 105836.2734 2.1633
L 16.0000  1.5870 1.1143 0.0803  3.5884 2.9664 8.8586  48091.5859 37802.5039 2.7984
L 22.0000  2.2810 1.7913 0.1691  4.0260 3.3292 10.4109  23239.2441 18938.5723 2.8516
L 30.0000  3.4269 2.8580 0.3157  5.1862 4.2614 13.5232  9101.0039 7647.0991 2.6679
L 40.0000  3.9700 3.1793 0.4784  7.5371 6.0988 18.6564  4093.5022 3263.8459 3.3756
# [ minfo = 210.31  35.09  -86.28   7.48   245.1426 41.1842  -2.6690 ]
wtype per  rmsG L1G rchisG  rmsP L1P rchisP  rmsA L1A rchisA
R 10.0000  1.6254 1.1970 0.1986  1.1666 0.9349 0.9190  46368.4336 35259.6523 0.9927
R 16.0000  1.9688 1.5738 0.2641  1.7598 1.3902 2.3472  5351.7456 4158.2256 0.3268
R 22.0000  7.0846 5.5429 2.1925  2.1862 1.6739 1.8720  2699.8521 2247.9556 0.9310
R 30.0000  7.3709 5.2268 1.4896  2.8326 1.7421 2.3143  1301.7559 1033.6205 1.6231
R 40.0000  5.6399 2.7009 0.6446  1.5429 1.1143 0.7598  1575.2618 1219.7654 0.8996
L 10.0000  10.2973 7.7426 1.5418  0.7021 0.5494 0.3006  65996.9922 49300.3906 0.6554
L 16.0000  3.0775 2.6539 0.3174  1.0480 0.8697 0.7116  15183.8164 11095.4424 0.8179
L 22.0000  4.8081 4.3083 0.7839  1.3477 1.0357 1.0128  7116.4316 5748.6792 0.7074
L 30.0000  6.0526 5.5060 1.0558  1.6723 1.3657 1.6994  2603.4756 2039.0200 0.4042
L 40.0000  7.1572 6.2503 1.4128  3.3857 2.7735 5.0444  1888.6149 1423.1375 0.7981
# [ minfo = 209.25  32.77  -87.36   7.85   245.1717 41.1592  -2.5400 ]
wtype per  rmsG L1G rchisG  rmsP L1P rchisP  rmsA L1A rchisA
R 10.0000  1.8815 1.4711 0.2429  0.7335 0.5688 0.3451  50777.7188 39097.6680 1.0782
R 16.0000  2.2357 1.8904 0.3392  0.9794 0.7499 0.7489  8806.7256 7039.2749 0.6320
R 22.0000  5.3254 3.7771 1.0011  1.5907 1.0020 0.6987  2171.3513 1753.8824 0.5494
R 30.0000  7.2858 4.4003 0.8602  2.5786 1.8746 2.1418  1752.1957 1391.1581 2.0306
R 40.0000  5.4413 3.2379 0.6706  2.3489 1.7720 1.8748  2047.4277 1584.2196 1.7918
L 10.0000  11.3398 8.2140 1.6603  0.9201 0.7008 0.3698  84060.0391 62881.2031 0.7667
L 16.0000  2.6042 2.2822 0.2308  0.9419 0.7321 0.5281  17271.3965 13010.9229 0.9580
L 22.0000  4.6172 4.1761 0.7252  1.2310 0.8008 0.8834  7848.3755 6341.3257 0.9019
L 30.0000  5.9694 5.4518 1.0324  1.6990 1.3155 1.7592  3017.3750 2322.4541 0.5465
L 40.0000  7.1599 6.1999 1.3964  3.3922 2.7714 4.9838  2085.8855 1568.3146 0.9487
