

search#   0 (T=0, tid= 0):	minfo = (110.00  50.00  -30.00  20.00   245.0000 41.0000   0.0000)	N = 90	E = 13.8891 (accepted)
search#   1 (T=0.0000, tid= 6):	minfo = (110.00  50.00  -30.00  20.00   245.0439 41.0433  -0.3258)	N = 90	E = 11.1008 (accepted)
search#   4 (T=0.0000, tid= 4):	minfo = (110.00  50.00  -30.00  20.00   244.9936 41.0337  -0.0614)	N = 90	E = 12.5934 (accepted)
search#  15 (T=0.0000, tid= 6):	minfo = (110.00  50.00  -30.00  20.00   245.0043 41.0786  -0.1776)	N = 90	E = 10.5256 (accepted)
search#  17 (T=0.0000, tid= 1):	minfo = (110.00  50.00  -30.00  20.00   245.0428 41.0607  -0.2087)	N = 90	E = 10.3491 (accepted)
search#  23 (T=0.0000, tid=11):	minfo = (110.00  50.00  -30.00  20.00   245.0045 41.0970   0.0550)	N = 90	E = 9.9001 (accepted)
search#  28 (T=0.0000, tid=10):	minfo = (110.00  50.00  -30.00  20.00   245.0396 41.0955   0.3752)	N = 90	E = 9.0769 (accepted)
search#  41 (T=0.0000, tid= 7):	minfo = (110.00  50.00  -30.00  20.00   245.0202 41.1246   0.9204)	N = 90	E = 8.9167 (accepted)
search#  43 (T=0.0000, tid= 9):	minfo = (110.00  50.00  -30.00  20.00   245.0500 41.1022   0.3485)	N = 90	E = 8.7146 (accepted)
search#  45 (T=0.0000, tid=11):	minfo = (110.00  50.00  -30.00  20.00   245.0283 41.1599  -0.2519)	N = 90	E = 8.6382 (accepted)
search#  49 (T=0.0000, tid= 0):	minfo = (110.00  50.00  -30.00  20.00   245.0942 41.0896   0.6500)	N = 90	E = 8.4246 (accepted)
search#  55 (T=0.0000, tid= 5):	minfo = (110.00  50.00  -30.00  20.00   245.0873 41.0998   0.2534)	N = 90	E = 8.2332 (accepted)
search#  57 (T=0.0000, tid= 1):	minfo = (110.00  50.00  -30.00  20.00   245.0219 41.1646   0.7236)	N = 90	E = 8.3773 (accepted)
search#  61 (T=0.0000, tid= 0):	minfo = (110.00  50.00  -30.00  20.00   245.0928 41.1143   0.2341)	N = 90	E = 7.8478 (accepted)
search#  70 (T=0.0000, tid= 6):	minfo = (110.00  50.00  -30.00  20.00   245.1354 41.1094   0.3913)	N = 90	E = 7.8257 (accepted)
search#  79 (T=0.0000, tid= 9):	minfo = (110.00  50.00  -30.00  20.00   245.1285 41.1086   0.7698)	N = 90	E = 7.7133 (accepted)
search#  81 (T=0.0000, tid= 6):	minfo = (110.00  50.00  -30.00  20.00   245.2010 41.1224  -0.7838)	N = 90	E = 7.5232 (accepted)
search#  82 (T=0.0000, tid= 4):	minfo = (110.00  50.00  -30.00  20.00   245.1413 41.1106   0.8985)	N = 90	E = 7.3053 (accepted)
search#  84 (T=0.0000, tid= 8):	minfo = (110.00  50.00  -30.00  20.00   245.1180 41.1491   0.0663)	N = 90	E = 6.9234 (accepted)
search#  96 (T=0.0000, tid= 8):	minfo = (110.00  50.00  -30.00  20.00   245.1431 41.1613   0.4322)	N = 90	E = 6.5982 (accepted)
search# 105 (T=0.0000, tid= 6):	minfo = (110.00  50.00  -30.00  20.00   245.1558 41.1546   0.7086)	N = 90	E = 6.5743 (accepted)
search# 106 (T=0.0000, tid= 4):	minfo = (110.00  50.00  -30.00  20.00   245.1570 41.1944   0.0936)	N = 90	E = 6.4769 (accepted)
search# 108 (T=0.0000, tid= 8):	minfo = (110.00  50.00  -30.00  20.00   245.1544 41.1917   0.2309)	N = 90	E = 6.3963 (accepted)
search# 117 (T=0.0000, tid= 5):	minfo = (110.00  50.00  -30.00  20.00   245.1629 41.1814   0.5164)	N = 90	E = 6.3494 (accepted)
search# 274 (T=0.0000, tid=11):	minfo = (110.00  50.00  -30.00  20.00   245.1753 41.1901   0.3562)	N = 90	E = 6.3453 (accepted)
search# 319 (T=0.0000, tid= 7):	minfo = (110.00  50.00  -30.00  20.00   245.1766 41.1862   0.3129)	N = 90	E = 6.3414 (accepted)


search#   0 (T=0, tid= 0):	minfo = (187.28  26.30 -103.20   8.62   245.1766 41.1862   0.3129)	N = 258	E = 112.6735 (accepted)
search#   1 (T=0.0000, tid= 0):	minfo = (187.28  26.30 -103.20   8.62   245.1677 41.2194   0.2485)	N = 258	E = 103.5589 (accepted)
search#   2 (T=0.0000, tid= 8):	minfo = (187.28  26.30 -103.20   8.62   245.1620 41.2066   0.0730)	N = 258	E = 100.8225 (accepted)
search#   5 (T=0.0000, tid= 3):	minfo = (187.28  26.30 -103.20   8.62   245.1498 41.2012  -0.6237)	N = 258	E = 80.9637 (accepted)
search#  15 (T=0.0000, tid= 3):	minfo = (187.28  26.30 -103.20   8.62   245.1541 41.2030  -2.1655)	N = 258	E = 57.3167 (accepted)
search#  17 (T=0.0000, tid= 7):	minfo = (187.28  26.30 -103.20   8.62   245.1509 41.1964  -0.7232)	N = 258	E = 78.2902 (accepted)
search#  43 (T=0.0000, tid= 2):	minfo = (187.28  26.30 -103.20   8.62   245.1577 41.1926  -2.1464)	N = 258	E = 56.7505 (accepted)
search#  47 (T=0.0000, tid=10):	minfo = (187.28  26.30 -103.20   8.62   245.1524 41.1915  -2.4730)	N = 258	E = 55.0556 (accepted)
search#  76 (T=0.0000, tid= 5):	minfo = (187.28  26.30 -103.20   8.62   245.1405 41.1793  -2.7741)	N = 258	E = 54.7979 (accepted)
search# 124 (T=0.0000, tid= 6):	minfo = (187.28  26.30 -103.20   8.62   245.1433 41.1929  -2.5804)	N = 258	E = 54.7733 (accepted)
search# 186 (T=0.0000, tid= 1):	minfo = (187.28  26.30 -103.20   8.62   245.1454 41.1884  -2.6561)	N = 258	E = 54.6394 (accepted)
search# 363 (T=0.0000, tid= 6):	minfo = (187.28  26.30 -103.20   8.62   245.1331 41.1816  -2.4472)	N = 258	E = 54.6083 (accepted)
search# 378 (T=0.0000, tid= 1):	minfo = (187.28  26.30 -103.20   8.62   245.1426 41.1842  -2.6690)	N = 258	E = 54.5021 (accepted)


search#   0 (T=0, tid= 0):	minfo = (210.31  35.09  -86.28   7.48   245.1426 41.1842  -2.6690)	N = 258	E = 30.4489 (accepted)
search#   2 (T=0.0000, tid= 7):	minfo = (210.31  35.09  -86.28   7.48   245.1557 41.1587  -2.9032)	N = 258	E = 26.7751 (accepted)
search#   9 (T=0.0000, tid=10):	minfo = (210.31  35.09  -86.28   7.48   245.1654 41.1483  -2.8681)	N = 258	E = 26.0879 (accepted)
search#  11 (T=0.0000, tid= 2):	minfo = (210.31  35.09  -86.28   7.48   245.1584 41.1698  -2.5424)	N = 258	E = 26.5228 (accepted)
search#  19 (T=0.0000, tid= 6):	minfo = (210.31  35.09  -86.28   7.48   245.1717 41.1592  -2.5400)	N = 258	E = 25.3384 (accepted)
