109C  -117.1051 32.8889
112A  -114.5804 32.5356
113A  -113.7667 32.7683
114A  -112.883 32.7513
115A  -112.2279 32.7006
116A  -111.7042 32.5618
117A  -110.7393 32.5716
118A  -109.9697 32.6399
119A  -109.3029 32.7663
120A  -108.633 32.5466
121A  -107.7851 32.5324
122A  -107.0005 32.6995
123A  -106.2622 32.6349
124A  -105.4544 32.7001
125A  -104.6573 32.6588
126A  -104.0204 32.6462
127A  -103.3575 32.6764
214A  -112.8115 31.9559
216A  -111.4574 32.0022
217A  -110.8162 31.7748
218A  -110.0464 31.9737
219A  -109.2592 31.9989
220A  -108.5266 31.9041
221A  -107.7782 32.0094
222A  -107.1013 32.1046
223A  -106.4276 32.0062
224A  -105.5226 32.076
225A  -104.8229 32.1101
226A  -104.1014 32.0618
227A  -103.2924 32.012
318A  -109.9907 31.439
319A  -109.2809 31.3757
320A  -108.5284 31.3369
324A  -105.4828 31.4425
325A  -104.9712 31.3711
326A  -103.9786 31.3165
327A  -103.4923 31.3691
328A  -102.8097 31.3818
425A  -104.9857 30.7862
426A  -104.0293 30.6689
427A  -103.4018 30.8498
428A  -102.6847 30.7263
526A  -104.0898 30.0609
527A  -103.6119 30.1456
528A  -102.788 30.1615
626A  -104.1335 29.554
627A  -103.3887 29.4528
628A  -102.8885 29.4862
A04A  -122.707 48.7197
A05A  -122.0852 48.9983
A06A  -121.4804 49.0983
A07A  -120.3837 49.048
A08A  -119.2725 48.9534
A09A  -118.5851 48.9752
A10A  -117.5586 48.9813
A11A  -116.3631 48.958
A12A  -115.6526 48.9339
A13A  -114.4135 48.933
A14A  -113.4218 48.9725
A15A  -112.7327 48.9777
A16A  -111.5968 48.9482
A17A  -110.6994 48.9448
A18A  -109.8459 48.9198
A19A  -108.7429 48.9286
A20A  -107.9257 48.8799
A21A  -106.9254 48.9912
A22A  -105.9153 48.9926
A23A  -104.8786 48.9592
A24A  -104.0018 48.9239
AAM  -83.6567 42.3012
ACSO  -82.982 40.2319
ADK  -176.6842 51.8823
ADO  -117.4339 34.55046
AGMN  -95.8619 48.2977
ALP0  -123.4074 44.3377
ALS0  -123.5952 44.4104
AMTX  -101.6808 34.8837
ANMO  -106.4571 34.94591
ARV  -118.8301 35.1269
B04A  -123.504 48.0575
B05A  -122.096 48.2641
B06A  -121.4845 48.5183
B07A  -120.1197 48.4607
B08A  -119.3332 48.3584
B09A  -118.1488 48.4226
B10A  -117.2252 48.2995
B11A  -116.3674 48.4366
B12A  -115.5889 48.4694
B13A  -114.4676 48.3739
B14A  -113.2729 48.3609
B15A  -112.5619 48.3129
B16A  -111.7073 48.4128
B17A  -110.7988 48.2921
B18A  -109.7775 48.3943
B19A  -108.9443 48.4551
B20A  -108.0209 48.4389
B21A  -107.0166 48.4278
B22A  -105.9964 48.3008
B23A  -104.9909 48.4643
BBR  -116.9208 34.2623
BC3  -115.4537 33.65515
BCC  -117.2612 33.57508
BDM  -121.8655 37.95397
BEK  -120.3596 39.8666
BEL  -115.9982 34.0006
BFS  -117.6585 34.23883
BINY  -75.9861 42.1993
BLA  -80.42049 37.2113
BMN  -117.221 40.4314
BMO  -117.306 44.8525
BNLO  -122.1729 37.1311
BOZ  -111.6297 45.59697
BRAL  -87.0506 31.1687
BRSD  -98.9563 44.443
BW06  -109.5583 42.7667
BWO0  -123.5665 44.612
C03A  -124.5662 47.9475
C04A  -122.9718 47.7172
C05A  -121.6895 47.6947
C06A  -120.8944 47.923
C07A  -120.0613 47.6902
C08A  -119.0454 47.7849
C09A  -118.2741 47.8006
C10A  -117.3077 47.8192
C11A  -116.2557 47.8397
C12B  -115.475 47.7092
C13A  -114.5735 47.6795
C14A  -113.7468 47.7687
C15A  -112.6072 47.775
C16A  -111.7458 47.8012
C17A  -110.7626 47.6327
C19A  -109.0489 47.7343
C20A  -108.0042 47.7133
C21A  -107.096 47.8264
C22A  -105.8841 47.7456
C23A  -105.1844 47.8026
C24A  -104.4252 47.5302
CBKS  -99.7374 38.814
CBN  -77.3732 38.2046
CCM  -91.2446 38.0557
CIA  -118.415 33.4019
CMB  -120.3865 38.03455
CNNC  -77.8901 35.2393
COLA  -147.8616 64.8736
COR  -123.3046 44.5855
COWI  -89.1369 46.1003
CVS  -122.4584 38.34526
CWC  -118.0802 36.43988
D03A  -123.7714 47.1161
D04A  -122.8035 47.1109
D05A  -121.9888 47.1881
D06A  -120.8445 47.1935
D07A  -119.9732 47.1936
D08A  -118.921 47.0573
D09A  -118.3092 47.0615
D10A  -117.2759 47.0547
D11A  -116.3353 47.0477
D12A  -115.3525 47.0528
D13A  -114.4587 47.0943
D14A  -113.5062 47.0816
D15A  -112.5204 47.0418
D16A  -111.5492 47.0308
D17A  -110.6873 47.1523
D18A  -109.8023 47.1961
D19A  -108.88 47.1646
D20A  -108.1362 47.0911
D21A  -106.9939 47.0658
D22A  -106.1797 47.1498
D23A  -105.2071 47.173
D24A  -104.327 47.1152
DAN  -115.3811 34.63745
DEC  -118.3338 34.25353
DGMT  -104.1959 48.4702
DUG  -112.8133 40.195
DVT  -116.1006 32.65915
DWPF  -81.4327 28.1103
E03A  -123.5632 46.5459
E04A  -122.7204 46.5934
E05A  -121.7608 46.5605
E06A  -120.9791 46.5433
E07A  -119.8548 46.5585
E08A  -119.0595 46.4911
E09A  -118.1455 46.5139
E10A  -117.1102 46.485
E11A  -116.2092 46.3559
E12A  -115.5705 46.4151
E13A  -114.188 46.4423
E14A  -113.4926 46.4162
E15A  -112.6412 46.4246
E16A  -111.6764 46.5336
E17A  -110.8576 46.462
E18A  -109.9137 46.5663
E19A  -108.786 46.4611
E20A  -108.1301 46.5038
E21A  -107.0757 46.5408
ECSD  -96.6141 43.7337
EDW2  -117.9939 34.8811
EGAK  -141.1581 64.7774
EGMT  -109.7547 48.024
ELFS  -120.7279 40.6183
ERPA  -79.9891 42.1175
EYMN  -91.4953 47.9462
F03A  -123.5591 45.9306
F04A  -122.4193 45.9325
F05A  -121.4588 45.8839
F06A  -120.7817 45.7664
F07A  -119.9278 45.8951
F08A  -118.7768 45.7971
F09A  -117.9094 45.7087
F10A  -117.2277 45.9734
F11A  -116.1549 45.8883
F12A  -115.2547 45.7565
F13A  -114.3317 45.7893
F14A  -113.3699 45.8122
F15A  -112.4929 45.8409
F16A  -111.6262 45.7843
F17A  -110.659 45.9054
F18A  -109.7158 45.9046
F19A  -108.9437 45.8538
F20A  -108.1488 45.8006
F21A  -107.1233 45.8231
FAC1  -123.6367 45.0404
FAC3  -122.4613 44.407
FACA  -122.0629 47.8634
FACB  -122.6464 47.8872
FACC  -122.5795 47.4009
FACD  -122.8521 46.6619
FACF  -122.7762 46.3316
FACG  -123.1758 46.0753
FACH  -123.2158 45.8811
FACI  -122.4586 45.7151
FACJ  -123.2893 45.296
FACK  -123.0729 44.8384
FACL  -123.0198 44.1399
FACM  -122.4473 43.7824
FACN  -123.3493 43.6971
FACO  -123.8068 43.5362
FACP  -124.0854 43.2143
FACQ  -124.0596 42.9094
FACR  -123.1211 43.4344
FACS  -123.372 42.7859
FACT  -124.0665 42.5575
FACU  -122.8272 42.2556
FACV  -123.6018 42.156
FARB  -123.0011 37.69782
FMP  -118.2938 33.71264
FUR  -116.8632 36.46703
G03A  -123.2811 45.3153
G04A  -122.4784 45.2059
G05A  -121.3167 45.2422
G06A  -120.6351 45.2357
G07A  -119.6692 45.2664
G08A  -118.9595 45.2904
G09A  -117.7802 45.2781
G10A  -117.1204 45.2925
G11A  -116.268 45.3997
G12A  -115.3257 45.1285
G13A  -114.2329 45.0931
G14A  -113.4604 45.2432
G15A  -112.4887 45.166
G16A  -111.8046 45.2285
G17A  -110.7398 45.3212
G18A  -109.5631 45.3171
G20A  -108.2141 45.2202
G21A  -107.207 45.225
GASB  -122.716 39.65471
GLA  -114.8271 33.05149
GLMI  -84.6175 44.8245
GMR  -115.6599 34.78457
GOGA  -83.4666 33.4112
GOR  -117.2292 33.1537
GRA  -117.3662 36.99608
GSC  -116.8057 35.30177
H02A  -123.9997 44.6764
H03A  -123.2923 44.6765
H04A  -122.1862 44.6837
H05A  -121.2271 44.6473
H06A  -120.3346 44.7344
H07A  -119.5646 44.5913
H08A  -118.6704 44.5191
H09A  -117.6643 44.6653
H10A  -116.7474 44.589
H11A  -116.0127 44.7035
H12A  -114.8554 44.5494
H13A  -114.2545 44.5642
H14A  -113.3674 44.6165
H15A  -112.6439 44.6173
H16A  -111.2478 44.7038
H17A  -110.5762 44.3951
H18A  -109.6641 44.6769
H19A  -108.9857 44.6704
H20A  -107.999 44.4868
H21A  -107.0423 44.6277
H22A  -106.3521 44.5943
HAST  -121.5514 36.3887
HATC  -121.4612 40.8161
HAWA  -119.5327 46.3925
HDIL  -89.294 40.5559
HEC  -116.335 34.8294
HELL  -119.0228 36.6801
HKT  -95.8384 29.9618
HLID  -114.4138 43.5625
HOPS  -123.0723 38.99349
HRV  -71.5583 42.5064
HUMO  -122.9567 42.6071
I02A  -123.8299 44.0035
I03A  -123.2777 43.9726
I04A  -122.4113 43.7941
I05A  -121.2675 44.1626
I06A  -120.2107 43.9437
I07A  -119.5042 44.082
I08A  -118.5692 43.9104
I09A  -117.7407 43.9733
I10A  -116.8029 44.086
I11A  -115.9578 43.9121
I12A  -115.1328 43.7945
I13A  -114.1169 43.9146
I14A  -113.4518 43.9286
I15A  -112.485 43.9997
I16A  -111.4868 43.8756
I17A  -110.5759 43.92
I18A  -109.8171 43.7013
I19A  -108.9943 44.0363
I20A  -108.1283 43.9496
I21A  -107.292 43.8122
I22A  -106.484 43.8924
IRM  -115.1451 34.15738
ISA  -118.474 35.66278
ISCO  -105.6134 39.7997
J02A  -123.5747 43.3654
J03A  -122.9646 43.3717
J04A  -122.1093 43.2406
J05A  -121.2357 43.2843
J06A  -120.1528 43.2515
J07A  -119.3105 43.3736
J08A  -118.4743 43.358
J09A  -117.7542 43.3471
J10A  -116.767 43.4275
J11A  -115.8278 43.4151
J12A  -115.098 43.25
J13A  -114.1742 43.3979
J14A  -113.5178 43.3234
J15A  -112.4334 43.3998
J16A  -111.6119 43.2741
J17A  -110.7118 43.3629
J18A  -110.02 43.2112
J19A  -109.0531 43.2649
J20A  -108.0842 43.3531
J21A  -107.4459 43.3459
J22A  -106.4785 43.4126
JCC  -124.0295 40.81745
JCT  -99.8022 30.4794
JFWS  -90.2481 42.9142
JRSC  -122.2387 37.40373
K01A  -124.4692 42.8088
K02A  -123.4898 42.7667
K04A  -121.7307 42.6133
K05A  -120.8934 42.7258
K06A  -120.251 42.7991
K07A  -119.2469 42.6912
K08A  -118.4864 42.7308
K09A  -117.7251 42.6996
K10A  -116.8705 42.7779
K11A  -116.0323 42.7713
K12A  -114.9029 42.636
K13A  -114.084 42.6493
K14A  -113.176 42.5452
K15A  -112.5305 42.6852
K16A  -111.5884 42.8321
K17A  -110.9201 42.7507
K18A  -110.0417 42.6372
K19A  -108.8466 42.8247
K20A  -108.3418 42.6579
K21A  -107.251 42.6332
K22A  -106.524 42.6507
KCC  -119.3187 37.32363
KDAK  -152.5835 57.7828
KSU1  -96.6094 39.1009
KVTX  -97.8929 27.5459
L02A  -123.6018 42.156
L04A  -121.891 42.175
L05A  -120.8336 42.0472
L07A  -119.3398 42.0187
L08A  -118.3445 42.1901
L09A  -117.6667 42.0192
L10A  -116.4711 42.0773
L11A  -115.7541 42.1669
L12A  -115.0162 42.146
L13A  -113.9444 42.0886
L14A  -113.2398 42.0343
L15A  -112.386 42.0041
L16A  -111.4319 42.0149
L17A  -110.8727 42.0995
L18A  -110.0364 41.9243
L19A  -109.3575 42.1012
L20A  -108.3398 42.0073
L21A  -107.3695 41.9641
L22A  -106.4338 42.031
L23A  -105.7012 42.1143
L24A  -104.9326 42.0432
LAO  -106.2231 46.6885
LAVA  -120.7395 38.7552
LBNH  -71.9259 44.2401
LGU  -119.0659 34.10819
LONY  -74.5829 44.6197
LRAL  -86.9978 33.0348
LRL  -117.6821 35.47954
LTX  -103.6669 29.3339
M01C  -124.1221 41.8473
M02C  -122.8538 41.392
M03C  -122.122 41.2742
M04C  -121.8393 41.7826
M05C  -121.1457 41.3593
M06C  -120.4772 41.2047
M07A  -119.1711 41.3884
M08A  -118.3792 41.4483
M09A  -117.4497 41.423
M10A  -116.5396 41.522
M11A  -115.7912 41.4311
M12A  -114.9151 41.4157
M13A  -114.1655 41.3602
M14A  -113.3471 41.503
M15A  -112.4477 41.4632
M16A  -111.6298 41.3146
M17A  -110.6664 41.4729
M18A  -110.0674 41.4272
M19A  -109.1569 41.5047
M20A  -108.1865 41.4906
M21A  -107.3635 41.6067
M22A  -106.5958 41.4033
M23A  -105.7221 41.468
M24A  -104.8248 41.4676
MAP0  -123.8298 44.0035
MCCM  -122.8802 38.14478
MCWV  -79.8456 39.6581
MDND  -99.6029 47.8481
ME01  -123.4034 41.7752
ME02  -122.3372 41.6898
ME03  -123.881 41.702
ME04  -123.514 41.355
ME05  -122.052 41.526
ME06  -121.695 41.342
ME07  -123.912 41.168
ME08  -123.305 40.222
ME09  -122.726 41.086
ME10  -122.4619 40.9591
ME11  -121.37 41.056
ME12  -122.498 40.104
ME13  -122.918 40.764
ME14  -121.896 41.006
ME14A  -121.8966 41.0076
ME15  -121.684 40.81
ME16  -122.087 40.577
ME17  -121.722 40.536
ME18  -121.022 40.729
ME20  -120.984 40.477
ME21  -121.2376 40.3487
ME23  -121.455 40.396
ME24  -122.047 40.359
ME25  -121.802 40.295
ME26  -122.099 40.157
ME27  -123.155 40.453
ME28  -122.471 40.327
ME29  -123.1408 41.142
ME30  -123.565 40.843
ME31  -123.947 40.722
ME32  -123.859 40.5907
ME33  -123.802 40.483
ME34  -124.127 40.483
ME35  -123.748 40.483
ME36  -124.1638 40.2482
ME37  -123.654 40.285
ME38  -123.5032 40.101
ME39  -123.5943 40.1882
ME41  -123.361 39.885
ME42  -123.273 39.7145
ME43  -123.175 39.5703
ME44  -123.187 39.4928
ME45  -122.9595 39.4666
ME46  -122.968 39.196
ME47  -122.8106 39.1124
ME48  -122.7603 38.9063
ME49  -123.7194 39.8633
ME50  -123.475 39.622
ME52  -123.2191 39.3228
ME53  -123.5934 39.2229
ME54  -123.3779 39.0132
ME55  -123.0762 38.6639
ME57  -122.5676 39.9118
ME59  -121.833 39.83
ME60  -121.5364 39.949
ME61  -122.296 39.532
ME62  -121.919 39.534
ME63  -122.5224 39.3154
ME64  -122.1552 39.2751
ME65  -122.1416 39.0049
ME80  -120.6017 40.3453
ME81  -121.1723 40.1096
ME82  -121.527 39.719
ME83  -120.3973 40.1808
ME84  -120.1875 40.025
ME85  -120.6412 40.0112
ME86  -120.7136 39.8043
ME87  -121.0913 39.6818
ME88  -121.3469 39.2362
ME89  -121.1626 39.3837
ME90  -120.8459 39.4782
ME91  -120.2246 39.6502
ME92  -120.0408 39.4725
ME93  -120.1548 39.0516
MIAR  -93.5765 34.5454
MLAC  -118.8361 37.63019
MNRC  -122.4428 38.87874
MNTX  -105.3821 31.6985
MOD  -120.3029 41.90246
MONP  -116.4225 32.8927
MONP2  -116.4223 32.892
MPM  -117.489 36.05799
MPP  -119.8136 34.88848
MSO  -113.9406 46.8292
MSTX  -102.7724 33.9696
MUR  -117.1954 33.59999
MVCO  -108.4986 37.2103
N02C  -123.3057 40.822
N06A  -119.8346 40.7484
N07B  -118.9711 40.7797
N08A  -118.1337 40.7811
N09A  -117.5244 40.852
N10A  -116.508 40.7186
N11A  -115.736 40.8167
N12A  -115.0387 40.8522
N13A  -114.2045 40.8556
N14A  -113.1867 40.8513
N15A  -112.5201 40.8903
N16A  -111.437 40.8869
N17A  -110.8335 40.9425
N18A  -109.6731 40.9763
N19A  -109.1772 40.8936
N20A  -108.2626 40.8338
N21A  -107.5196 40.76
N22A  -106.4544 40.8023
N23A  -105.944 40.8947
N24A  -104.8824 40.8271
N25A  -104.0873 40.8132
NATX  -94.661 31.7598
NEE  -114.5994 34.8249
NEE2  -114.6188 34.76759
NEW  -117.1227 48.2642
NHSC  -80.1778 33.1067
NLWA  -123.8691 47.3917
O01C  -123.8195 40.1398
O02C  -122.7883 40.1767
O03C  -122.0319 39.9971
O04C  -121.086 40.32
O05C  -120.9176 39.962
O06A  -119.8275 40.165
O07A  -118.8772 40.1614
O08A  -118.155 40.2903
O09A  -117.1899 40.1697
O10A  -116.4999 40.2917
O11A  -115.657 40.1313
O12A  -114.7454 40.2679
O13A  -113.9814 40.1314
O15A  -112.4694 40.2807
O16A  -111.5024 40.2067
O17A  -110.7378 40.1948
O18A  -110.0082 40.2655
O19A  -109.1236 40.2982
O20A  -108.2416 40.1348
O21A  -107.4705 40.2149
O22A  -106.547 40.1618
O23A  -105.9178 40.2109
O24A  -105.0729 40.1227
O25A  -104.1201 40.1129
OGNE  -102.033 40.9451
OMM  -119.0004 37.6123
ORV  -121.5004 39.55451
OSI  -118.7235 34.6145
OXF  -89.4092 34.5118
P01C  -123.3375 39.469
P05C  -120.6077 39.3028
P06A  -119.8983 39.6785
P07A  -118.8893 39.5399
P08A  -118.08 39.6946
P09A  -117.1395 39.5516
P10A  -116.4639 39.6202
P11A  -115.7536 39.553
P12A  -114.9075 39.4731
P13A  -114.0156 39.455
P14A  -113.0687 39.5906
P15A  -112.2786 39.5708
P16A  -111.6595 39.6092
P17A  -110.74 39.473
P18A  -110.2457 39.6279
P19A  -108.9812 39.6333
P20A  -108.3912 39.4998
P21A  -107.4493 39.524
P22A  -106.7589 39.5952
P23A  -105.8388 39.3741
P24A  -104.9082 39.5144
P25A  -104.168 39.5125
PACP  -121.287 37.008
PAL  -73.9079 41.0056
PASC  -118.1852 34.17141
PDM  -114.1415 34.30336
PFO  -116.4553 33.6092
PKD  -120.5416 35.94517
PKME  -69.2917 45.2644
Q03C  -122.0145 38.6333
Q04C  -121.3769 38.839
Q07A  -118.8078 38.9383
Q08A  -117.9316 38.8606
Q09A  -117.1816 38.834
Q10A  -116.3999 38.8247
Q11A  -115.6541 38.8455
Q12A  -114.8299 39.04
Q13A  -114.0202 38.9551
Q14A  -113.2769 38.9882
Q15A  -112.3793 38.9995
Q16A  -111.1716 38.9176
Q18A  -110.1328 39.1025
Q19A  -109.263 38.9553
Q20A  -108.2956 38.9541
Q21A  -107.5738 38.8347
Q22A  -106.9096 38.8627
Q23A  -105.8337 38.9045
Q24A  -105.1492 38.9641
Q25A  -104.2472 38.9145
R04C  -120.9363 38.2571
R05C  -120.0755 38.7028
R06C  -119.4509 38.5226
R07C  -119.0469 38.089
R08A  -118.1064 38.3489
R09A  -117.0718 38.2397
R10A  -116.3021 38.2886
R11A  -115.5854 38.3489
R12A  -114.6076 38.3281
R13A  -113.9691 38.1802
R14A  -113.0213 38.2987
R15A  -112.2767 38.2108
R16A  -111.4827 38.2843
R17A  -110.7109 38.4187
R18A  -109.8942 38.3862
R19A  -109.2607 38.2916
R20A  -108.3792 38.1888
R21A  -107.5501 38.3685
R22A  -106.7561 38.2289
R24A  -105.1075 38.2315
R25A  -104.2834 38.1474
RCT  -119.2438 36.30523
RLMT  -109.2673 45.1221
RRX  -116.9968 34.87533
RSSD  -104.0359 44.1212
S04C  -121.3278 37.5049
S05C  -120.3296 37.346
S06C  -119.8488 37.8817
S08C  -118.1711 37.4993
S09A  -117.2246 37.7243
S10A  -116.5948 37.923
S11A  -115.7472 37.6444
S12A  -114.8489 37.6083
S13A  -113.8604 37.5808
S14A  -113.1684 37.7601
S15A  -112.3627 37.6761
S16A  -111.5961 37.7222
S17A  -110.8018 37.6354
S18A  -109.9948 37.6903
S19A  -109.1366 37.7459
S20A  -108.3605 37.83
S21A  -107.7917 37.662
S22A  -106.8293 37.7461
S23A  -106.0023 37.7059
S24A  -105.2126 37.6407
S25A  -104.4349 37.6606
SAO  -121.4472 36.76403
SBC  -119.7149 34.44076
SC05  -105.0554 34.5715
SC06  -104.2664 34.5145
SC07  -105.6877 34.1838
SC08  -105.4697 34.1567
SC09  -105.0013 34.1517
SC10  -104.6666 34.1937
SC11  -104.2959 34.2323
SC12  -103.9116 34.2148
SC13  -103.5269 34.2135
SC14  -105.7695 33.9682
SC15  -105.0255 33.8308
SC16  -104.3043 33.8903
SC17  -103.5446 33.893
SC18  -102.8409 33.8774
SC20  -105.5935 33.6042
SC21  -105.1655 33.5975
SC23  -104.3282 33.5995
SC25  -103.5482 33.5806
SC26  -103.1184 33.5044
SC27  -102.8207 33.5385
SC28  -102.4915 33.5662
SC29  -105.6705 33.3102
SC31  -104.3415 33.259
SC32  -103.5979 33.1939
SC33  -102.8343 33.2334
SC34  -105.8163 32.9513
SC35  -105.5153 32.9369
SC36  -105.18 33.0053
SC37  -104.6192 32.937
SC38  -104.3402 32.9288
SC39  -103.8453 33.0286
SC40  -103.54 32.9317
SC41  -103.2056 32.9833
SC42  -102.8612 32.8728
SC43  -102.5369 32.9426
SC44  -105.947 32.7572
SC45  -105.1552 32.6337
SC46  -104.3614 32.654
SC47  -103.6257 32.629
SC48  -102.905 32.6899
SC49  -106.064 32.443
SC51  -105.1718 32.3673
SC52  -104.8272 32.488
SC53  -104.3192 32.3766
SC54  -104.0398 32.2837
SC55  -103.6733 32.1712
SC56  -103.3986 32.3554
SC57  -102.8513 32.3691
SC58  -102.5482 32.2888
SC59  -105.1481 31.9694
SC60  -104.4877 32.0937
SC61  -103.6911 31.9895
SC62  -102.9373 32.0119
SC63  -104.8464 31.8029
SC64  -104.4258 31.6996
SC65  -104.0178 31.727
SC66  -103.7363 31.6679
SC67  -103.3951 31.7051
SC68  -102.77 31.8027
SC69  -102.588 31.6905
SC70  -103.7374 31.3663
SC72  -103.6346 31.1096
SC73  -102.9875 30.9611
SC74  -102.6771 31.0024
SC75  -105.952 31.8742
SCI2  -118.547 32.9799
SCIA  -93.2153 41.9069
SCZ2  -119.6351 33.99543
SDCO  -105.5012 37.7456
SDP  -120.5014 34.56547
SDR  -116.9424 32.73561
SFIN  -87.0967 40.379
SHO  -116.2753 35.89953
SMM  -119.9958 35.3142
SMY  174.1031 52.7308
SNCC  -119.5244 33.24787
SNP11  -119.312 36.6992
SNP12  -119.0399 36.9126
SNP14  -118.7742 37.1396
SNP15  -118.5994 37.2781
SNP16  -118.2554 37.3502
SNP21  -119.5131 36.8202
SNP22  -119.3602 37.0105
SNP23  -119.2141 37.1234
SNP24  -118.9725 37.2801
SNP25  -118.7045 37.3593
SNP26  -118.4875 37.5718
SNP27  -118.3516 37.6599
SNP28  -118.1573 37.8964
SNP34  -119.0627 37.3909
SNP36  -118.6468 37.6832
SNP37  -118.5456 37.8168
SNP38  -118.3528 38.0514
SNP42  -119.5783 37.2463
SNP43  -119.4845 37.4129
SNP44  -119.2791 37.5003
SNP45  -119.0827 37.6826
SNP46  -118.9018 37.7834
SNP47  -118.7292 37.98
SNP48  -118.5585 38.1693
SNP51  -120.0581 37.2529
SNP52  -119.8147 37.3426
SNP53  -119.6748 37.5138
SNP54  -119.5125 37.7358
SNP55  -119.3325 37.8796
SNP56  -119.1693 37.9739
SNP57  -118.9667 38.1434
SNP62  -120.0046 37.5882
SNP63  -119.8067 37.7227
SNP64  -119.6469 37.8652
SNP65  -119.5108 38.0002
SNP66  -119.3412 38.18
SNP67  -119.1479 38.2827
SNP71  -120.4038 37.642
SNP73  -120.1116 37.8233
SNP74  -119.9318 37.9854
SNP75  -119.6966 38.1282
SNP76  -119.5137 38.3617
SNP84  -120.1465 38.1562
SNP85  -119.9537 38.2848
SNP86  -119.8069 38.4927
SNP87  -119.6114 38.6816
SNP93  -120.6046 38.1526
SNP95  -120.2526 38.3331
SNP96  -120.0422 38.4751
SNP97  -119.8058 38.809
SNP98  -119.4167 38.9177
SNPA3  -120.7091 38.3823
SNPA4  -120.535 38.5018
SNPA5  -120.3256 38.642
SNPA7  -119.8949 39.0081
SNPB3  -120.9911 38.5619
SNPB5  -120.5452 38.8341
SNPB6  -120.2653 38.8837
SNPB7  -120.1548 39.0516
SNPB9  -119.5914 39.3597
SNPC3  -121.1962 38.7028
SNPC4  -120.9501 38.8484
SNPC5  -120.7534 39.0278
SNPC6  -120.4657 39.0889
SNPC7  -120.388 39.3147
SNPD4  -121.1699 39.0373
SNPD5  -120.9313 39.1942
SNPD7  -120.5758 39.6248
SNPD8  -120.2246 39.6502
SNPD9  -120.0095 39.8259
SNPE4  -121.3469 39.2362
SNPE5  -121.1626 39.3837
SNPE6  -120.8459 39.4782
SNPE7  -120.7136 39.8043
SNPE9  -120.1875 40.025
SNPF6  -121.0913 39.6818
SNPF8  -120.6412 40.0112
SNPF9  -120.3973 40.1808
SNPG5  -121.527 39.719
SNPG7  -121.1723 40.1095
SPMN  -92.8037 45.2246
SSPA  -77.8876 40.6358
SUTB  -121.7861 39.2291
SWS  -115.7999 32.94508
T05C  -120.6737 36.8953
T06C  -119.7089 37.0069
T11A  -115.2202 37.2408
T12A  -114.7147 36.7256
T13A  -113.9073 37.0195
T14A  -113.084 37.0615
T15A  -112.3824 37.0183
T16A  -111.506 36.9839
T17A  -110.8041 36.9969
T18A  -109.8741 37.1364
T19A  -109.0249 36.8299
T21A  -107.5342 36.9914
T22A  -106.903 37.0138
T23A  -106.0372 37.0361
T24A  -105.0521 37.0738
T25A  -104.4108 37.1388
TIN  -118.2301 37.05422
TOL0  -123.9997 44.6764
TPNV  -116.2495 36.9488
TUC  -110.7847 32.3098
TUQ  -115.9239 35.43584
TZTN  -83.549 36.5439
U04C  -120.7828 36.3627
U05C  -120.1205 36.3356
U10A  -116.3297 36.4193
U11A  -115.3835 36.423
U12A  -114.5388 36.4321
U13A  -113.9653 36.4151
U14A  -113.1805 36.4182
U15A  -112.2915 36.428
U16A  -111.1297 36.1428
U17A  -110.6624 36.5996
U18A  -109.8696 36.4199
U19A  -109.2076 36.2925
U20A  -108.5204 36.3758
U21A  -107.6578 36.4277
U22A  -106.8546 36.3773
U23A  -106.1919 36.3289
U24A  -105.2784 36.4093
U25A  -104.4081 36.3998
U26A  -103.7439 36.3945
V03C  -121.2356 36.0214
V04C  -120.8699 35.636
V05C  -119.9028 35.8667
V11A  -115.4305 35.8384
V12A  -114.8511 35.7266
V13A  -113.984 35.8522
V14A  -113.1053 35.6339
V15A  -112.1731 35.8191
V17A  -110.7938 35.6218
V18A  -109.9327 35.7113
V19A  -109.0456 35.7147
V20A  -108.4662 35.7992
V21A  -107.6378 35.8054
V22A  -106.9094 35.9138
V23A  -106.1833 35.7452
V24A  -105.2716 35.7259
V25A  -104.6164 35.8383
V26A  -103.786 35.7964
VBMS  -90.51767 32.21851
VES  -119.0847 35.84089
W01  -115.95 44.921
W02  -116.14 44.932
W03  -116.399 44.991
W04  -116.664 45.045
W05  -116.836 45.128
W06  -117.034 45.164
W07  -117.375 45.25
W08  -117.359 45.427
W09  -117.807 45.504
W10  -117.681 45.64
W11  -117.548 45.805
W12  -117.464 45.953
W12A  -114.8701 35.301
W13  -117.379 46.122
W13A  -113.8854 35.099
W14  -117.499 46.269
W14A  -113.0834 35.2127
W15  -117.548 46.375
W15A  -112.2666 35.1787
W16  -117.644 46.512
W16A  -111.5318 35.0951
W17  -117.719 46.62
W17A  -110.7127 35.0789
W18  -117.1916 45.009
W18A  -109.7357 35.1181
W19  -117.506 44.8448
W19A  -109.3879 35.1118
W20  -117.924 44.538
W20A  -108.5001 35.1259
W21  -117.3839 46.724
W21A  -107.6476 35.117
W22  -118.0727 46.7893
W22A  -106.8674 35.0719
W23  -117.7597 46.9657
W23A  -106.1503 35.1605
W24  -118.0822 45.541
W24A  -105.4075 35.2106
W25  -118.4009 45.6604
W25A  -104.4606 35.2177
W26  -119.0871 46.0184
W26A  -103.7656 35.0891
W27  -119.3958 46.1716
W27A  -103.0627 35.0637
W28  -117.0982 45.5303
W29  -116.8515 45.6501
W30  -116.3647 45.8019
WCI  -86.2939 38.2289
WCN  -119.759 39.3104
WDC  -122.5411 40.57988
WENL  -121.757 37.62211
WMOK  -98.7807 34.7379
WRAK  -132.3466 56.4191
WUAZ  -111.3739 35.5169
WVOR  -118.6367 42.4339
WVT  -87.83 36.1297
X13A  -113.8302 34.5935
X14A  -112.8906 34.4692
X15A  -112.2368 34.4866
X16A  -111.4411 34.4178
X17A  -110.8058 34.3371
X18A  -109.9501 34.5293
X19A  -109.2901 34.4275
X20A  -108.498 34.5421
X21A  -107.7857 34.4457
X22A  -107.0102 34.5058
X23A  -106.1881 34.581
X24A  -105.4349 34.5646
X25A  -104.6621 34.5271
X26A  -103.8103 34.5508
X27A  -103.0974 34.6469
Y12C  -114.5238 33.7503
Y13A  -113.8287 33.8142
Y14A  -113.0048 33.9383
Y15A  -112.3331 33.9535
Y16A  -111.4783 33.8798
Y17A  -110.8444 33.6953
Y18A  -110.0341 33.7776
Y19A  -109.2541 33.9571
Y20A  -108.3769 33.9085
Y21A  -107.674 34.0087
Y22A  -106.9652 33.937
Y22C  -106.9211 34.0741
Y22D  -106.921 34.0739
Y23A  -106.0549 33.9315
Y24A  -105.4361 33.9257
Y25A  -104.6928 33.9229
Y26A  -103.8246 33.9232
Y27A  -103.1633 33.8839
YAC0  -124.0932 44.2982
YAC1  -124.0884 44.2975
YBH  -122.7104 41.73204
YOS01  -119.7832 37.7511
YOS02  -119.758 37.7731
YOS03  -119.7324 37.789
YOS04  -119.7103 37.82
YOS05  -119.6895 37.8389
YOS06  -119.6146 37.8508
YOS07  -119.58 37.8139
YOS08  -119.5452 37.807
YOS09  -119.5006 37.8154
YOS10  -119.4401 37.8548
YOS11  -119.4033 37.8807
Z13A  -113.6568 33.1999
Z14A  -112.9458 33.3627
Z15A  -112.1581 33.2893
Z16A  -111.4273 33.341
Z17A  -110.4723 33.2969
Z18A  -110.0362 33.0851
Z19A  -109.2657 33.2921
Z20A  -108.5922 33.1132
Z21A  -107.6712 33.3086
Z22A  -106.9639 33.2555
Z23A  -106.2319 33.2621
Z24A  -105.3649 33.3298
Z25A  -104.7171 33.2797
Z26A  -103.9798 33.2716
Z27A  -103.2145 33.315
